[ 2018-07-16T09:15:29+08:00 ] 127.0.0.1 /admin.php?c=menu
INFO: [ app_init ] --START--
INFO: Run Behavior\BuildLiteBehavior [ RunTime:0.000000s ]
INFO: [ app_init ] --END-- [ RunTime:0.001000s ]
INFO: [ app_begin ] --START--
INFO: Run Behavior\ReadHtmlCacheBehavior [ RunTime:0.001000s ]
INFO: [ app_begin ] --END-- [ RunTime:0.001000s ]
NOTIC: [8] Undefined variable: sing_path E:\php\WWW\cms3.2\ThinkPHP\Common\functions.php 第 991 行.
NOTIC: [8] Undefined variable: module E:\php\WWW\cms3.2\ThinkPHP\Common\functions.php 第 994 行.
NOTIC: [8] Undefined variable: var E:\php\WWW\cms3.2\ThinkPHP\Common\functions.php 第 997 行.
NOTIC: [2] array_reverse() expects parameter 1 to be array, null given E:\php\WWW\cms3.2\ThinkPHP\Common\functions.php 第 997 行.
NOTIC: [2] http_build_query(): Parameter 1 expected to be Array or Object.  Incorrect value given E:\php\WWW\cms3.2\ThinkPHP\Common\functions.php 第 997 行.

[ 2018-07-16T09:15:29+08:00 ] 127.0.0.1 /admin.php?&c=login
INFO: [ app_init ] --START--
INFO: Run Behavior\BuildLiteBehavior [ RunTime:0.000000s ]
INFO: [ app_init ] --END-- [ RunTime:0.000500s ]
INFO: [ app_begin ] --START--
INFO: Run Behavior\ReadHtmlCacheBehavior [ RunTime:0.000500s ]
INFO: [ app_begin ] --END-- [ RunTime:0.000500s ]
INFO: [ view_parse ] --START--
INFO: [ template_filter ] --START--
INFO: Run Behavior\ContentReplaceBehavior [ RunTime:0.000500s ]
INFO: [ template_filter ] --END-- [ RunTime:0.000500s ]
INFO: Run Behavior\ParseTemplateBehavior [ RunTime:0.013000s ]
INFO: [ view_parse ] --END-- [ RunTime:0.013000s ]
INFO: [ view_filter ] --START--
INFO: Run Behavior\WriteHtmlCacheBehavior [ RunTime:0.012500s ]
INFO: [ view_filter ] --END-- [ RunTime:0.012500s ]
INFO: [ app_end ] --START--
INFO: Run Behavior\ShowPageTraceBehavior [ RunTime:0.000500s ]
INFO: [ app_end ] --END-- [ RunTime:0.000500s ]

[ 2018-07-16T10:19:35+08:00 ] 127.0.0.1 /admin.php?c=menu
INFO: [ app_init ] --START--
INFO: Run Behavior\BuildLiteBehavior [ RunTime:0.000000s ]
INFO: [ app_init ] --END-- [ RunTime:0.002500s ]
INFO: [ app_begin ] --START--
INFO: Run Behavior\ReadHtmlCacheBehavior [ RunTime:0.001000s ]
INFO: [ app_begin ] --END-- [ RunTime:0.001000s ]
NOTIC: [8] Undefined variable: sing_path E:\php\WWW\cms3.2\ThinkPHP\Common\functions.php 第 991 行.
NOTIC: [8] Undefined variable: module E:\php\WWW\cms3.2\ThinkPHP\Common\functions.php 第 994 行.
NOTIC: [8] Undefined variable: var E:\php\WWW\cms3.2\ThinkPHP\Common\functions.php 第 997 行.
NOTIC: [2] array_reverse() expects parameter 1 to be array, null given E:\php\WWW\cms3.2\ThinkPHP\Common\functions.php 第 997 行.
NOTIC: [2] http_build_query(): Parameter 1 expected to be Array or Object.  Incorrect value given E:\php\WWW\cms3.2\ThinkPHP\Common\functions.php 第 997 行.

[ 2018-07-16T10:19:35+08:00 ] 127.0.0.1 /admin.php?&c=login
INFO: [ app_init ] --START--
INFO: Run Behavior\BuildLiteBehavior [ RunTime:0.000000s ]
INFO: [ app_init ] --END-- [ RunTime:0.000000s ]
INFO: [ app_begin ] --START--
INFO: Run Behavior\ReadHtmlCacheBehavior [ RunTime:0.000500s ]
INFO: [ app_begin ] --END-- [ RunTime:0.000500s ]
INFO: [ view_parse ] --START--
INFO: [ template_filter ] --START--
INFO: Run Behavior\ContentReplaceBehavior [ RunTime:0.000500s ]
INFO: [ template_filter ] --END-- [ RunTime:0.000500s ]
INFO: Run Behavior\ParseTemplateBehavior [ RunTime:0.030500s ]
INFO: [ view_parse ] --END-- [ RunTime:0.030500s ]
INFO: [ view_filter ] --START--
INFO: Run Behavior\WriteHtmlCacheBehavior [ RunTime:0.001000s ]
INFO: [ view_filter ] --END-- [ RunTime:0.001000s ]
INFO: [ app_end ] --START--
INFO: Run Behavior\ShowPageTraceBehavior [ RunTime:0.000500s ]
INFO: [ app_end ] --END-- [ RunTime:0.000500s ]

[ 2018-07-16T16:01:36+08:00 ] 127.0.0.1 /admin.php?c=Menu
INFO: [ app_init ] --START--
INFO: Run Behavior\BuildLiteBehavior [ RunTime:0.000000s ]
INFO: [ app_init ] --END-- [ RunTime:0.000500s ]
INFO: [ app_begin ] --START--
INFO: Run Behavior\ReadHtmlCacheBehavior [ RunTime:0.000500s ]
INFO: [ app_begin ] --END-- [ RunTime:0.000500s ]
NOTIC: [8] Undefined variable: sing_path E:\php\WWW\cms3.2\ThinkPHP\Common\functions.php 第 991 行.
NOTIC: [8] Undefined variable: module E:\php\WWW\cms3.2\ThinkPHP\Common\functions.php 第 994 行.
NOTIC: [8] Undefined variable: var E:\php\WWW\cms3.2\ThinkPHP\Common\functions.php 第 997 行.
NOTIC: [2] array_reverse() expects parameter 1 to be array, null given E:\php\WWW\cms3.2\ThinkPHP\Common\functions.php 第 997 行.
NOTIC: [2] http_build_query(): Parameter 1 expected to be Array or Object.  Incorrect value given E:\php\WWW\cms3.2\ThinkPHP\Common\functions.php 第 997 行.

[ 2018-07-16T16:01:36+08:00 ] 127.0.0.1 /admin.php?&c=login
INFO: [ app_init ] --START--
INFO: Run Behavior\BuildLiteBehavior [ RunTime:0.000000s ]
INFO: [ app_init ] --END-- [ RunTime:0.000000s ]
INFO: [ app_begin ] --START--
INFO: Run Behavior\ReadHtmlCacheBehavior [ RunTime:0.000500s ]
INFO: [ app_begin ] --END-- [ RunTime:0.000500s ]
INFO: [ view_parse ] --START--
INFO: [ template_filter ] --START--
INFO: Run Behavior\ContentReplaceBehavior [ RunTime:0.000000s ]
INFO: [ template_filter ] --END-- [ RunTime:0.000000s ]
INFO: Run Behavior\ParseTemplateBehavior [ RunTime:0.012000s ]
INFO: [ view_parse ] --END-- [ RunTime:0.012000s ]
INFO: [ view_filter ] --START--
INFO: Run Behavior\WriteHtmlCacheBehavior [ RunTime:0.000000s ]
INFO: [ view_filter ] --END-- [ RunTime:0.000000s ]
INFO: [ app_end ] --START--
INFO: Run Behavior\ShowPageTraceBehavior [ RunTime:0.000500s ]
INFO: [ app_end ] --END-- [ RunTime:0.000500s ]

[ 2018-07-16T16:01:38+08:00 ] 127.0.0.1 /admin.php?c=Menu
INFO: [ app_init ] --START--
INFO: Run Behavior\BuildLiteBehavior [ RunTime:0.000500s ]
INFO: [ app_init ] --END-- [ RunTime:0.000500s ]
INFO: [ app_begin ] --START--
INFO: Run Behavior\ReadHtmlCacheBehavior [ RunTime:0.000500s ]
INFO: [ app_begin ] --END-- [ RunTime:0.000500s ]
NOTIC: [8] Undefined variable: sing_path E:\php\WWW\cms3.2\ThinkPHP\Common\functions.php 第 991 行.
NOTIC: [8] Undefined variable: module E:\php\WWW\cms3.2\ThinkPHP\Common\functions.php 第 994 行.
NOTIC: [8] Undefined variable: var E:\php\WWW\cms3.2\ThinkPHP\Common\functions.php 第 997 行.
NOTIC: [2] array_reverse() expects parameter 1 to be array, null given E:\php\WWW\cms3.2\ThinkPHP\Common\functions.php 第 997 行.
NOTIC: [2] http_build_query(): Parameter 1 expected to be Array or Object.  Incorrect value given E:\php\WWW\cms3.2\ThinkPHP\Common\functions.php 第 997 行.

[ 2018-07-16T16:01:42+08:00 ] 127.0.0.1 /admin.php?c=Login&a=check
INFO: [ app_init ] --START--
INFO: Run Behavior\BuildLiteBehavior [ RunTime:0.000000s ]
INFO: [ app_init ] --END-- [ RunTime:0.000500s ]
INFO: [ app_begin ] --START--
INFO: Run Behavior\ReadHtmlCacheBehavior [ RunTime:0.000500s ]
INFO: [ app_begin ] --END-- [ RunTime:0.000500s ]
SQL: SHOW COLUMNS FROM `cms_admin` [ RunTime:0.0035s ]
SQL: SELECT * FROM `cms_admin` WHERE ( username="admin" ) LIMIT 1   [ RunTime:0.0005s ]

[ 2018-07-16T16:01:43+08:00 ] 127.0.0.1 /admin.php?c=index
INFO: [ app_init ] --START--
INFO: Run Behavior\BuildLiteBehavior [ RunTime:0.000000s ]
INFO: [ app_init ] --END-- [ RunTime:0.000500s ]
INFO: [ app_begin ] --START--
INFO: Run Behavior\ReadHtmlCacheBehavior [ RunTime:0.000500s ]
INFO: [ app_begin ] --END-- [ RunTime:0.000500s ]
INFO: [ view_parse ] --START--
INFO: [ template_filter ] --START--
INFO: Run Behavior\ContentReplaceBehavior [ RunTime:0.000500s ]
INFO: [ template_filter ] --END-- [ RunTime:0.000500s ]
NOTIC: [2048] Declaration of Common\Model\MenuModel::find() should be compatible with Think\Model::find($options = Array) E:\php\WWW\cms3.2\Application\Common\Model\MenuModel.class.php 第 10 行.
SQL: SHOW COLUMNS FROM `cms_menu` [ RunTime:0.0070s ]
SQL: SELECT * FROM `cms_menu` WHERE `status` <> -1 AND `type` = 1 ORDER BY listorder desc,menu_id desc  [ RunTime:0.0005s ]
NOTIC: [8] Undefined index: a E:\php\WWW\cms3.2\Application\Common\Common\function.php 第 39 行.
NOTIC: [8] Undefined index: a E:\php\WWW\cms3.2\Application\Common\Common\function.php 第 39 行.
INFO: Run Behavior\ParseTemplateBehavior [ RunTime:0.061500s ]
INFO: [ view_parse ] --END-- [ RunTime:0.062000s ]
INFO: [ view_filter ] --START--
INFO: Run Behavior\WriteHtmlCacheBehavior [ RunTime:0.000500s ]
INFO: [ view_filter ] --END-- [ RunTime:0.000500s ]
INFO: [ app_end ] --START--
INFO: Run Behavior\ShowPageTraceBehavior [ RunTime:0.001000s ]
INFO: [ app_end ] --END-- [ RunTime:0.001500s ]

[ 2018-07-16T16:01:45+08:00 ] 127.0.0.1 /admin.php?c=content
INFO: [ app_init ] --START--
INFO: Run Behavior\BuildLiteBehavior [ RunTime:0.000000s ]
INFO: [ app_init ] --END-- [ RunTime:0.000500s ]
INFO: [ app_begin ] --START--
INFO: Run Behavior\ReadHtmlCacheBehavior [ RunTime:0.000500s ]
INFO: [ app_begin ] --END-- [ RunTime:0.000500s ]
NOTIC: [8] Undefined index: p E:\php\WWW\cms3.2\Application\Admin\Controller\ContentController.class.php 第 14 行.
NOTIC: [8] Undefined index: pageSize E:\php\WWW\cms3.2\Application\Admin\Controller\ContentController.class.php 第 15 行.
SQL: SHOW COLUMNS FROM `cms_news` [ RunTime:0.0040s ]
NOTIC: [2] Missing argument 1 for Common\Model\NewsModel::getNews(), called in E:\php\WWW\cms3.2\Application\Admin\Controller\ContentController.class.php on line 16 and defined E:\php\WWW\cms3.2\Application\Common\Model\NewsModel.class.php 第 27 行.
NOTIC: [2] Missing argument 2 for Common\Model\NewsModel::getNews(), called in E:\php\WWW\cms3.2\Application\Admin\Controller\ContentController.class.php on line 16 and defined E:\php\WWW\cms3.2\Application\Common\Model\NewsModel.class.php 第 27 行.
NOTIC: [2] Missing argument 3 for Common\Model\NewsModel::getNews(), called in E:\php\WWW\cms3.2\Application\Admin\Controller\ContentController.class.php on line 16 and defined E:\php\WWW\cms3.2\Application\Common\Model\NewsModel.class.php 第 27 行.
NOTIC: [8] Undefined variable: page E:\php\WWW\cms3.2\Application\Common\Model\NewsModel.class.php 第 29 行.
NOTIC: [8] Undefined variable: pageSize E:\php\WWW\cms3.2\Application\Common\Model\NewsModel.class.php 第 29 行.
SQL: SELECT * FROM `cms_news` WHERE `status` <> -1 ORDER BY news_id desc  [ RunTime:0.0005s ]
SQL: SELECT COUNT(*) AS tp_count FROM `cms_news` WHERE `status` <> -1 LIMIT 1   [ RunTime:0.0005s ]

[ 2018-07-16T16:02:07+08:00 ] 127.0.0.1 /admin.php?c=content
INFO: [ app_init ] --START--
INFO: Run Behavior\BuildLiteBehavior [ RunTime:0.000000s ]
INFO: [ app_init ] --END-- [ RunTime:0.000500s ]
INFO: [ app_begin ] --START--
INFO: Run Behavior\ReadHtmlCacheBehavior [ RunTime:0.001000s ]
INFO: [ app_begin ] --END-- [ RunTime:0.001000s ]
NOTIC: [8] Undefined index: p E:\php\WWW\cms3.2\Application\Admin\Controller\ContentController.class.php 第 14 行.
NOTIC: [8] Undefined index: pageSize E:\php\WWW\cms3.2\Application\Admin\Controller\ContentController.class.php 第 15 行.
SQL: SHOW COLUMNS FROM `cms_news` [ RunTime:0.0035s ]
NOTIC: [2] Missing argument 1 for Common\Model\NewsModel::getNews(), called in E:\php\WWW\cms3.2\Application\Admin\Controller\ContentController.class.php on line 16 and defined E:\php\WWW\cms3.2\Application\Common\Model\NewsModel.class.php 第 27 行.
NOTIC: [2] Missing argument 2 for Common\Model\NewsModel::getNews(), called in E:\php\WWW\cms3.2\Application\Admin\Controller\ContentController.class.php on line 16 and defined E:\php\WWW\cms3.2\Application\Common\Model\NewsModel.class.php 第 27 行.
NOTIC: [2] Missing argument 3 for Common\Model\NewsModel::getNews(), called in E:\php\WWW\cms3.2\Application\Admin\Controller\ContentController.class.php on line 16 and defined E:\php\WWW\cms3.2\Application\Common\Model\NewsModel.class.php 第 27 行.
NOTIC: [8] Undefined variable: page E:\php\WWW\cms3.2\Application\Common\Model\NewsModel.class.php 第 29 行.
NOTIC: [8] Undefined variable: pageSize E:\php\WWW\cms3.2\Application\Common\Model\NewsModel.class.php 第 29 行.
SQL: SELECT * FROM `cms_news` WHERE `status` <> -1 ORDER BY news_id desc  [ RunTime:0.0005s ]
SQL: SELECT COUNT(*) AS tp_count FROM `cms_news` WHERE `status` <> -1 LIMIT 1   [ RunTime:0.0005s ]
INFO: [ view_parse ] --START--
INFO: [ template_filter ] --START--
INFO: Run Behavior\ContentReplaceBehavior [ RunTime:0.000000s ]
INFO: [ template_filter ] --END-- [ RunTime:0.000000s ]
NOTIC: [2048] Declaration of Common\Model\MenuModel::find() should be compatible with Think\Model::find($options = Array) E:\php\WWW\cms3.2\Application\Common\Model\MenuModel.class.php 第 109 行.
SQL: SHOW COLUMNS FROM `cms_menu` [ RunTime:0.0035s ]
SQL: SELECT * FROM `cms_menu` WHERE `status` <> -1 AND `type` = 1 ORDER BY listorder desc,menu_id desc  [ RunTime:0.0005s ]
NOTIC: [8] Undefined index: a E:\php\WWW\cms3.2\Application\Common\Common\function.php 第 39 行.
NOTIC: [8] Undefined index: a E:\php\WWW\cms3.2\Application\Common\Common\function.php 第 39 行.
NOTIC: [8] Undefined variable: webSiteMenu E:\php\WWW\cms3.2\Application\Runtime\Cache\Admin\ccc9ced3ad798311a07cb47b740981c5.php 第 147 行.
NOTIC: [8] Undefined variable: pageres E:\php\WWW\cms3.2\Application\Runtime\Cache\Admin\ccc9ced3ad798311a07cb47b740981c5.php 第 210 行.
NOTIC: [8] Undefined variable: positions E:\php\WWW\cms3.2\Application\Runtime\Cache\Admin\ccc9ced3ad798311a07cb47b740981c5.php 第 221 行.
INFO: Run Behavior\ParseTemplateBehavior [ RunTime:0.014000s ]
INFO: [ view_parse ] --END-- [ RunTime:0.014000s ]
INFO: [ view_filter ] --START--
INFO: Run Behavior\WriteHtmlCacheBehavior [ RunTime:0.000000s ]
INFO: [ view_filter ] --END-- [ RunTime:0.000000s ]
INFO: [ app_end ] --START--
INFO: Run Behavior\ShowPageTraceBehavior [ RunTime:0.001000s ]
INFO: [ app_end ] --END-- [ RunTime:0.001000s ]

[ 2018-07-16T16:02:09+08:00 ] 127.0.0.1 /admin.php?c=content
INFO: [ app_init ] --START--
INFO: Run Behavior\BuildLiteBehavior [ RunTime:0.000000s ]
INFO: [ app_init ] --END-- [ RunTime:0.001000s ]
INFO: [ app_begin ] --START--
INFO: Run Behavior\ReadHtmlCacheBehavior [ RunTime:0.000500s ]
INFO: [ app_begin ] --END-- [ RunTime:0.001000s ]
NOTIC: [8] Undefined index: p E:\php\WWW\cms3.2\Application\Admin\Controller\ContentController.class.php 第 14 行.
NOTIC: [8] Undefined index: pageSize E:\php\WWW\cms3.2\Application\Admin\Controller\ContentController.class.php 第 15 行.
SQL: SHOW COLUMNS FROM `cms_news` [ RunTime:0.0065s ]
NOTIC: [2] Missing argument 1 for Common\Model\NewsModel::getNews(), called in E:\php\WWW\cms3.2\Application\Admin\Controller\ContentController.class.php on line 16 and defined E:\php\WWW\cms3.2\Application\Common\Model\NewsModel.class.php 第 27 行.
NOTIC: [2] Missing argument 2 for Common\Model\NewsModel::getNews(), called in E:\php\WWW\cms3.2\Application\Admin\Controller\ContentController.class.php on line 16 and defined E:\php\WWW\cms3.2\Application\Common\Model\NewsModel.class.php 第 27 行.
NOTIC: [2] Missing argument 3 for Common\Model\NewsModel::getNews(), called in E:\php\WWW\cms3.2\Application\Admin\Controller\ContentController.class.php on line 16 and defined E:\php\WWW\cms3.2\Application\Common\Model\NewsModel.class.php 第 27 行.
NOTIC: [8] Undefined variable: page E:\php\WWW\cms3.2\Application\Common\Model\NewsModel.class.php 第 29 行.
NOTIC: [8] Undefined variable: pageSize E:\php\WWW\cms3.2\Application\Common\Model\NewsModel.class.php 第 29 行.
SQL: SELECT * FROM `cms_news` WHERE `status` <> -1 ORDER BY news_id desc  [ RunTime:0.0005s ]
SQL: SELECT COUNT(*) AS tp_count FROM `cms_news` WHERE `status` <> -1 LIMIT 1   [ RunTime:0.0005s ]
INFO: [ view_parse ] --START--
INFO: [ template_filter ] --START--
INFO: Run Behavior\ContentReplaceBehavior [ RunTime:0.000000s ]
INFO: [ template_filter ] --END-- [ RunTime:0.000000s ]
NOTIC: [2048] Declaration of Common\Model\MenuModel::find() should be compatible with Think\Model::find($options = Array) E:\php\WWW\cms3.2\Application\Common\Model\MenuModel.class.php 第 109 行.
SQL: SHOW COLUMNS FROM `cms_menu` [ RunTime:0.0055s ]
SQL: SELECT * FROM `cms_menu` WHERE `status` <> -1 AND `type` = 1 ORDER BY listorder desc,menu_id desc  [ RunTime:0.0005s ]
NOTIC: [8] Undefined index: a E:\php\WWW\cms3.2\Application\Common\Common\function.php 第 39 行.
NOTIC: [8] Undefined index: a E:\php\WWW\cms3.2\Application\Common\Common\function.php 第 39 行.
NOTIC: [8] Undefined variable: webSiteMenu E:\php\WWW\cms3.2\Application\Runtime\Cache\Admin\ccc9ced3ad798311a07cb47b740981c5.php 第 147 行.
NOTIC: [8] Undefined variable: pageres E:\php\WWW\cms3.2\Application\Runtime\Cache\Admin\ccc9ced3ad798311a07cb47b740981c5.php 第 210 行.
NOTIC: [8] Undefined variable: positions E:\php\WWW\cms3.2\Application\Runtime\Cache\Admin\ccc9ced3ad798311a07cb47b740981c5.php 第 221 行.
INFO: Run Behavior\ParseTemplateBehavior [ RunTime:0.023000s ]
INFO: [ view_parse ] --END-- [ RunTime:0.023000s ]
INFO: [ view_filter ] --START--
INFO: Run Behavior\WriteHtmlCacheBehavior [ RunTime:0.000500s ]
INFO: [ view_filter ] --END-- [ RunTime:0.000500s ]
INFO: [ app_end ] --START--
INFO: Run Behavior\ShowPageTraceBehavior [ RunTime:0.000500s ]
INFO: [ app_end ] --END-- [ RunTime:0.000500s ]

[ 2018-07-16T16:02:53+08:00 ] 127.0.0.1 /admin.php?c=content
INFO: [ app_init ] --START--
INFO: Run Behavior\BuildLiteBehavior [ RunTime:0.000000s ]
INFO: [ app_init ] --END-- [ RunTime:0.000000s ]
INFO: [ app_begin ] --START--
INFO: Run Behavior\ReadHtmlCacheBehavior [ RunTime:0.000500s ]
INFO: [ app_begin ] --END-- [ RunTime:0.001000s ]
NOTIC: [8] Undefined index: p E:\php\WWW\cms3.2\Application\Admin\Controller\ContentController.class.php 第 14 行.
NOTIC: [8] Undefined index: pageSize E:\php\WWW\cms3.2\Application\Admin\Controller\ContentController.class.php 第 15 行.
SQL: SHOW COLUMNS FROM `cms_news` [ RunTime:0.0040s ]
NOTIC: [2] Missing argument 1 for Common\Model\NewsModel::getNews(), called in E:\php\WWW\cms3.2\Application\Admin\Controller\ContentController.class.php on line 16 and defined E:\php\WWW\cms3.2\Application\Common\Model\NewsModel.class.php 第 27 行.
NOTIC: [2] Missing argument 2 for Common\Model\NewsModel::getNews(), called in E:\php\WWW\cms3.2\Application\Admin\Controller\ContentController.class.php on line 16 and defined E:\php\WWW\cms3.2\Application\Common\Model\NewsModel.class.php 第 27 行.
NOTIC: [2] Missing argument 3 for Common\Model\NewsModel::getNews(), called in E:\php\WWW\cms3.2\Application\Admin\Controller\ContentController.class.php on line 16 and defined E:\php\WWW\cms3.2\Application\Common\Model\NewsModel.class.php 第 27 行.
NOTIC: [8] Undefined variable: page E:\php\WWW\cms3.2\Application\Common\Model\NewsModel.class.php 第 29 行.
NOTIC: [8] Undefined variable: pageSize E:\php\WWW\cms3.2\Application\Common\Model\NewsModel.class.php 第 29 行.
SQL: SELECT * FROM `cms_news` WHERE `status` <> -1 ORDER BY news_id desc  [ RunTime:0.0005s ]
SQL: SELECT COUNT(*) AS tp_count FROM `cms_news` WHERE `status` <> -1 LIMIT 1   [ RunTime:0.0000s ]
INFO: [ view_parse ] --START--
INFO: [ template_filter ] --START--
INFO: Run Behavior\ContentReplaceBehavior [ RunTime:0.000000s ]
INFO: [ template_filter ] --END-- [ RunTime:0.000500s ]
NOTIC: [2048] Declaration of Common\Model\MenuModel::find() should be compatible with Think\Model::find($options = Array) E:\php\WWW\cms3.2\Application\Common\Model\MenuModel.class.php 第 109 行.
SQL: SHOW COLUMNS FROM `cms_menu` [ RunTime:0.0035s ]
SQL: SELECT * FROM `cms_menu` WHERE `status` <> -1 AND `type` = 1 ORDER BY listorder desc,menu_id desc  [ RunTime:0.0005s ]
NOTIC: [8] Undefined index: a E:\php\WWW\cms3.2\Application\Common\Common\function.php 第 39 行.
NOTIC: [8] Undefined index: a E:\php\WWW\cms3.2\Application\Common\Common\function.php 第 39 行.
NOTIC: [8] Undefined variable: webSiteMenu E:\php\WWW\cms3.2\Application\Runtime\Cache\Admin\ccc9ced3ad798311a07cb47b740981c5.php 第 147 行.
NOTIC: [8] Undefined variable: pageres E:\php\WWW\cms3.2\Application\Runtime\Cache\Admin\ccc9ced3ad798311a07cb47b740981c5.php 第 210 行.
NOTIC: [8] Undefined variable: positions E:\php\WWW\cms3.2\Application\Runtime\Cache\Admin\ccc9ced3ad798311a07cb47b740981c5.php 第 221 行.
INFO: Run Behavior\ParseTemplateBehavior [ RunTime:0.015000s ]
INFO: [ view_parse ] --END-- [ RunTime:0.015000s ]
INFO: [ view_filter ] --START--
INFO: Run Behavior\WriteHtmlCacheBehavior [ RunTime:0.000500s ]
INFO: [ view_filter ] --END-- [ RunTime:0.000500s ]
INFO: [ app_end ] --START--
INFO: Run Behavior\ShowPageTraceBehavior [ RunTime:0.000500s ]
INFO: [ app_end ] --END-- [ RunTime:0.001000s ]

[ 2018-07-16T16:02:54+08:00 ] 127.0.0.1 /admin.php?c=content
INFO: [ app_init ] --START--
INFO: Run Behavior\BuildLiteBehavior [ RunTime:0.000000s ]
INFO: [ app_init ] --END-- [ RunTime:0.001000s ]
INFO: [ app_begin ] --START--
INFO: Run Behavior\ReadHtmlCacheBehavior [ RunTime:0.001000s ]
INFO: [ app_begin ] --END-- [ RunTime:0.001000s ]
NOTIC: [8] Undefined index: p E:\php\WWW\cms3.2\Application\Admin\Controller\ContentController.class.php 第 14 行.
NOTIC: [8] Undefined index: pageSize E:\php\WWW\cms3.2\Application\Admin\Controller\ContentController.class.php 第 15 行.
SQL: SHOW COLUMNS FROM `cms_news` [ RunTime:0.0075s ]
NOTIC: [2] Missing argument 1 for Common\Model\NewsModel::getNews(), called in E:\php\WWW\cms3.2\Application\Admin\Controller\ContentController.class.php on line 16 and defined E:\php\WWW\cms3.2\Application\Common\Model\NewsModel.class.php 第 27 行.
NOTIC: [2] Missing argument 2 for Common\Model\NewsModel::getNews(), called in E:\php\WWW\cms3.2\Application\Admin\Controller\ContentController.class.php on line 16 and defined E:\php\WWW\cms3.2\Application\Common\Model\NewsModel.class.php 第 27 行.
NOTIC: [2] Missing argument 3 for Common\Model\NewsModel::getNews(), called in E:\php\WWW\cms3.2\Application\Admin\Controller\ContentController.class.php on line 16 and defined E:\php\WWW\cms3.2\Application\Common\Model\NewsModel.class.php 第 27 行.
NOTIC: [8] Undefined variable: page E:\php\WWW\cms3.2\Application\Common\Model\NewsModel.class.php 第 29 行.
NOTIC: [8] Undefined variable: pageSize E:\php\WWW\cms3.2\Application\Common\Model\NewsModel.class.php 第 29 行.
SQL: SELECT * FROM `cms_news` WHERE `status` <> -1 ORDER BY news_id desc  [ RunTime:0.0005s ]
SQL: SELECT COUNT(*) AS tp_count FROM `cms_news` WHERE `status` <> -1 LIMIT 1   [ RunTime:0.0005s ]
INFO: [ view_parse ] --START--
INFO: [ template_filter ] --START--
INFO: Run Behavior\ContentReplaceBehavior [ RunTime:0.000000s ]
INFO: [ template_filter ] --END-- [ RunTime:0.000000s ]
NOTIC: [2048] Declaration of Common\Model\MenuModel::find() should be compatible with Think\Model::find($options = Array) E:\php\WWW\cms3.2\Application\Common\Model\MenuModel.class.php 第 109 行.
SQL: SHOW COLUMNS FROM `cms_menu` [ RunTime:0.0040s ]
SQL: SELECT * FROM `cms_menu` WHERE `status` <> -1 AND `type` = 1 ORDER BY listorder desc,menu_id desc  [ RunTime:0.0005s ]
NOTIC: [8] Undefined index: a E:\php\WWW\cms3.2\Application\Common\Common\function.php 第 39 行.
NOTIC: [8] Undefined index: a E:\php\WWW\cms3.2\Application\Common\Common\function.php 第 39 行.
NOTIC: [8] Undefined variable: webSiteMenu E:\php\WWW\cms3.2\Application\Runtime\Cache\Admin\ccc9ced3ad798311a07cb47b740981c5.php 第 147 行.
NOTIC: [8] Undefined variable: pageres E:\php\WWW\cms3.2\Application\Runtime\Cache\Admin\ccc9ced3ad798311a07cb47b740981c5.php 第 210 行.
NOTIC: [8] Undefined variable: positions E:\php\WWW\cms3.2\Application\Runtime\Cache\Admin\ccc9ced3ad798311a07cb47b740981c5.php 第 221 行.
INFO: Run Behavior\ParseTemplateBehavior [ RunTime:0.022000s ]
INFO: [ view_parse ] --END-- [ RunTime:0.022000s ]
INFO: [ view_filter ] --START--
INFO: Run Behavior\WriteHtmlCacheBehavior [ RunTime:0.000500s ]
INFO: [ view_filter ] --END-- [ RunTime:0.000500s ]
INFO: [ app_end ] --START--
INFO: Run Behavior\ShowPageTraceBehavior [ RunTime:0.000500s ]
INFO: [ app_end ] --END-- [ RunTime:0.000500s ]

[ 2018-07-16T16:02:54+08:00 ] 127.0.0.1 /admin.php?c=content
INFO: [ app_init ] --START--
INFO: Run Behavior\BuildLiteBehavior [ RunTime:0.000000s ]
INFO: [ app_init ] --END-- [ RunTime:0.000500s ]
INFO: [ app_begin ] --START--
INFO: Run Behavior\ReadHtmlCacheBehavior [ RunTime:0.000500s ]
INFO: [ app_begin ] --END-- [ RunTime:0.000500s ]
NOTIC: [8] Undefined index: p E:\php\WWW\cms3.2\Application\Admin\Controller\ContentController.class.php 第 14 行.
NOTIC: [8] Undefined index: pageSize E:\php\WWW\cms3.2\Application\Admin\Controller\ContentController.class.php 第 15 行.
SQL: SHOW COLUMNS FROM `cms_news` [ RunTime:0.0040s ]
NOTIC: [2] Missing argument 1 for Common\Model\NewsModel::getNews(), called in E:\php\WWW\cms3.2\Application\Admin\Controller\ContentController.class.php on line 16 and defined E:\php\WWW\cms3.2\Application\Common\Model\NewsModel.class.php 第 27 行.
NOTIC: [2] Missing argument 2 for Common\Model\NewsModel::getNews(), called in E:\php\WWW\cms3.2\Application\Admin\Controller\ContentController.class.php on line 16 and defined E:\php\WWW\cms3.2\Application\Common\Model\NewsModel.class.php 第 27 行.
NOTIC: [2] Missing argument 3 for Common\Model\NewsModel::getNews(), called in E:\php\WWW\cms3.2\Application\Admin\Controller\ContentController.class.php on line 16 and defined E:\php\WWW\cms3.2\Application\Common\Model\NewsModel.class.php 第 27 行.
NOTIC: [8] Undefined variable: page E:\php\WWW\cms3.2\Application\Common\Model\NewsModel.class.php 第 29 行.
NOTIC: [8] Undefined variable: pageSize E:\php\WWW\cms3.2\Application\Common\Model\NewsModel.class.php 第 29 行.
SQL: SELECT * FROM `cms_news` WHERE `status` <> -1 ORDER BY news_id desc  [ RunTime:0.0000s ]
SQL: SELECT COUNT(*) AS tp_count FROM `cms_news` WHERE `status` <> -1 LIMIT 1   [ RunTime:0.0000s ]
INFO: [ view_parse ] --START--
INFO: [ template_filter ] --START--
INFO: Run Behavior\ContentReplaceBehavior [ RunTime:0.000000s ]
INFO: [ template_filter ] --END-- [ RunTime:0.000000s ]
NOTIC: [2048] Declaration of Common\Model\MenuModel::find() should be compatible with Think\Model::find($options = Array) E:\php\WWW\cms3.2\Application\Common\Model\MenuModel.class.php 第 109 行.
SQL: SHOW COLUMNS FROM `cms_menu` [ RunTime:0.0030s ]
SQL: SELECT * FROM `cms_menu` WHERE `status` <> -1 AND `type` = 1 ORDER BY listorder desc,menu_id desc  [ RunTime:0.0000s ]
NOTIC: [8] Undefined index: a E:\php\WWW\cms3.2\Application\Common\Common\function.php 第 39 行.
NOTIC: [8] Undefined index: a E:\php\WWW\cms3.2\Application\Common\Common\function.php 第 39 行.
NOTIC: [8] Undefined variable: webSiteMenu E:\php\WWW\cms3.2\Application\Runtime\Cache\Admin\ccc9ced3ad798311a07cb47b740981c5.php 第 147 行.
NOTIC: [8] Undefined variable: pageres E:\php\WWW\cms3.2\Application\Runtime\Cache\Admin\ccc9ced3ad798311a07cb47b740981c5.php 第 210 行.
NOTIC: [8] Undefined variable: positions E:\php\WWW\cms3.2\Application\Runtime\Cache\Admin\ccc9ced3ad798311a07cb47b740981c5.php 第 221 行.
INFO: Run Behavior\ParseTemplateBehavior [ RunTime:0.014500s ]
INFO: [ view_parse ] --END-- [ RunTime:0.014500s ]
INFO: [ view_filter ] --START--
INFO: Run Behavior\WriteHtmlCacheBehavior [ RunTime:0.000000s ]
INFO: [ view_filter ] --END-- [ RunTime:0.000500s ]
INFO: [ app_end ] --START--
INFO: Run Behavior\ShowPageTraceBehavior [ RunTime:0.000500s ]
INFO: [ app_end ] --END-- [ RunTime:0.000500s ]

[ 2018-07-16T16:03:16+08:00 ] 127.0.0.1 /admin.php?c=content
INFO: [ app_init ] --START--
INFO: Run Behavior\BuildLiteBehavior [ RunTime:0.000000s ]
INFO: [ app_init ] --END-- [ RunTime:0.000500s ]
INFO: [ app_begin ] --START--
INFO: Run Behavior\ReadHtmlCacheBehavior [ RunTime:0.001000s ]
INFO: [ app_begin ] --END-- [ RunTime:0.001000s ]
NOTIC: [8] Undefined index: p E:\php\WWW\cms3.2\Application\Admin\Controller\ContentController.class.php 第 14 行.
NOTIC: [8] Undefined index: pageSize E:\php\WWW\cms3.2\Application\Admin\Controller\ContentController.class.php 第 15 行.
SQL: SHOW COLUMNS FROM `cms_news` [ RunTime:0.0050s ]
NOTIC: [2] Missing argument 1 for Common\Model\NewsModel::getNews(), called in E:\php\WWW\cms3.2\Application\Admin\Controller\ContentController.class.php on line 16 and defined E:\php\WWW\cms3.2\Application\Common\Model\NewsModel.class.php 第 27 行.
NOTIC: [2] Missing argument 2 for Common\Model\NewsModel::getNews(), called in E:\php\WWW\cms3.2\Application\Admin\Controller\ContentController.class.php on line 16 and defined E:\php\WWW\cms3.2\Application\Common\Model\NewsModel.class.php 第 27 行.
NOTIC: [2] Missing argument 3 for Common\Model\NewsModel::getNews(), called in E:\php\WWW\cms3.2\Application\Admin\Controller\ContentController.class.php on line 16 and defined E:\php\WWW\cms3.2\Application\Common\Model\NewsModel.class.php 第 27 行.
NOTIC: [8] Undefined variable: page E:\php\WWW\cms3.2\Application\Common\Model\NewsModel.class.php 第 29 行.
NOTIC: [8] Undefined variable: pageSize E:\php\WWW\cms3.2\Application\Common\Model\NewsModel.class.php 第 29 行.
SQL: SELECT * FROM `cms_news` WHERE `status` <> -1 ORDER BY news_id desc  [ RunTime:0.0005s ]

[ 2018-07-16T16:03:18+08:00 ] 127.0.0.1 /admin.php?c=content
INFO: [ app_init ] --START--
INFO: Run Behavior\BuildLiteBehavior [ RunTime:0.000000s ]
INFO: [ app_init ] --END-- [ RunTime:0.000500s ]
INFO: [ app_begin ] --START--
INFO: Run Behavior\ReadHtmlCacheBehavior [ RunTime:0.000500s ]
INFO: [ app_begin ] --END-- [ RunTime:0.000500s ]
NOTIC: [8] Undefined index: p E:\php\WWW\cms3.2\Application\Admin\Controller\ContentController.class.php 第 14 行.
NOTIC: [8] Undefined index: pageSize E:\php\WWW\cms3.2\Application\Admin\Controller\ContentController.class.php 第 15 行.
SQL: SHOW COLUMNS FROM `cms_news` [ RunTime:0.0035s ]
NOTIC: [2] Missing argument 1 for Common\Model\NewsModel::getNews(), called in E:\php\WWW\cms3.2\Application\Admin\Controller\ContentController.class.php on line 16 and defined E:\php\WWW\cms3.2\Application\Common\Model\NewsModel.class.php 第 27 行.
NOTIC: [2] Missing argument 2 for Common\Model\NewsModel::getNews(), called in E:\php\WWW\cms3.2\Application\Admin\Controller\ContentController.class.php on line 16 and defined E:\php\WWW\cms3.2\Application\Common\Model\NewsModel.class.php 第 27 行.
NOTIC: [2] Missing argument 3 for Common\Model\NewsModel::getNews(), called in E:\php\WWW\cms3.2\Application\Admin\Controller\ContentController.class.php on line 16 and defined E:\php\WWW\cms3.2\Application\Common\Model\NewsModel.class.php 第 27 行.
NOTIC: [8] Undefined variable: page E:\php\WWW\cms3.2\Application\Common\Model\NewsModel.class.php 第 29 行.
NOTIC: [8] Undefined variable: pageSize E:\php\WWW\cms3.2\Application\Common\Model\NewsModel.class.php 第 29 行.
SQL: SELECT * FROM `cms_news` WHERE `status` <> -1 ORDER BY news_id desc  [ RunTime:0.0000s ]

[ 2018-07-16T16:03:18+08:00 ] 127.0.0.1 /admin.php?c=content
INFO: [ app_init ] --START--
INFO: Run Behavior\BuildLiteBehavior [ RunTime:0.000000s ]
INFO: [ app_init ] --END-- [ RunTime:0.000500s ]
INFO: [ app_begin ] --START--
INFO: Run Behavior\ReadHtmlCacheBehavior [ RunTime:0.000500s ]
INFO: [ app_begin ] --END-- [ RunTime:0.000500s ]
NOTIC: [8] Undefined index: p E:\php\WWW\cms3.2\Application\Admin\Controller\ContentController.class.php 第 14 行.
NOTIC: [8] Undefined index: pageSize E:\php\WWW\cms3.2\Application\Admin\Controller\ContentController.class.php 第 15 行.
SQL: SHOW COLUMNS FROM `cms_news` [ RunTime:0.0035s ]
NOTIC: [2] Missing argument 1 for Common\Model\NewsModel::getNews(), called in E:\php\WWW\cms3.2\Application\Admin\Controller\ContentController.class.php on line 16 and defined E:\php\WWW\cms3.2\Application\Common\Model\NewsModel.class.php 第 27 行.
NOTIC: [2] Missing argument 2 for Common\Model\NewsModel::getNews(), called in E:\php\WWW\cms3.2\Application\Admin\Controller\ContentController.class.php on line 16 and defined E:\php\WWW\cms3.2\Application\Common\Model\NewsModel.class.php 第 27 行.
NOTIC: [2] Missing argument 3 for Common\Model\NewsModel::getNews(), called in E:\php\WWW\cms3.2\Application\Admin\Controller\ContentController.class.php on line 16 and defined E:\php\WWW\cms3.2\Application\Common\Model\NewsModel.class.php 第 27 行.
NOTIC: [8] Undefined variable: page E:\php\WWW\cms3.2\Application\Common\Model\NewsModel.class.php 第 29 行.
NOTIC: [8] Undefined variable: pageSize E:\php\WWW\cms3.2\Application\Common\Model\NewsModel.class.php 第 29 行.
SQL: SELECT * FROM `cms_news` WHERE `status` <> -1 ORDER BY news_id desc  [ RunTime:0.0005s ]

[ 2018-07-16T16:03:18+08:00 ] 127.0.0.1 /admin.php?c=content
INFO: [ app_init ] --START--
INFO: Run Behavior\BuildLiteBehavior [ RunTime:0.000000s ]
INFO: [ app_init ] --END-- [ RunTime:0.000500s ]
INFO: [ app_begin ] --START--
INFO: Run Behavior\ReadHtmlCacheBehavior [ RunTime:0.000500s ]
INFO: [ app_begin ] --END-- [ RunTime:0.001000s ]
NOTIC: [8] Undefined index: p E:\php\WWW\cms3.2\Application\Admin\Controller\ContentController.class.php 第 14 行.
NOTIC: [8] Undefined index: pageSize E:\php\WWW\cms3.2\Application\Admin\Controller\ContentController.class.php 第 15 行.
SQL: SHOW COLUMNS FROM `cms_news` [ RunTime:0.0040s ]
NOTIC: [2] Missing argument 1 for Common\Model\NewsModel::getNews(), called in E:\php\WWW\cms3.2\Application\Admin\Controller\ContentController.class.php on line 16 and defined E:\php\WWW\cms3.2\Application\Common\Model\NewsModel.class.php 第 27 行.
NOTIC: [2] Missing argument 2 for Common\Model\NewsModel::getNews(), called in E:\php\WWW\cms3.2\Application\Admin\Controller\ContentController.class.php on line 16 and defined E:\php\WWW\cms3.2\Application\Common\Model\NewsModel.class.php 第 27 行.
NOTIC: [2] Missing argument 3 for Common\Model\NewsModel::getNews(), called in E:\php\WWW\cms3.2\Application\Admin\Controller\ContentController.class.php on line 16 and defined E:\php\WWW\cms3.2\Application\Common\Model\NewsModel.class.php 第 27 行.
NOTIC: [8] Undefined variable: page E:\php\WWW\cms3.2\Application\Common\Model\NewsModel.class.php 第 29 行.
NOTIC: [8] Undefined variable: pageSize E:\php\WWW\cms3.2\Application\Common\Model\NewsModel.class.php 第 29 行.
SQL: SELECT * FROM `cms_news` WHERE `status` <> -1 ORDER BY news_id desc  [ RunTime:0.0005s ]

[ 2018-07-16T16:04:14+08:00 ] 127.0.0.1 /admin.php?c=content
INFO: [ app_init ] --START--
INFO: Run Behavior\BuildLiteBehavior [ RunTime:0.000000s ]
INFO: [ app_init ] --END-- [ RunTime:0.000500s ]
INFO: [ app_begin ] --START--
INFO: Run Behavior\ReadHtmlCacheBehavior [ RunTime:0.000500s ]
INFO: [ app_begin ] --END-- [ RunTime:0.000500s ]
NOTIC: [8] Undefined index: p E:\php\WWW\cms3.2\Application\Admin\Controller\ContentController.class.php 第 14 行.
NOTIC: [8] Undefined index: pageSize E:\php\WWW\cms3.2\Application\Admin\Controller\ContentController.class.php 第 15 行.
SQL: SHOW COLUMNS FROM `cms_news` [ RunTime:0.0050s ]
NOTIC: [8] Undefined variable: data E:\php\WWW\cms3.2\Application\Admin\Controller\ContentController.class.php 第 16 行.
SQL: SELECT * FROM `cms_news` WHERE `status` <> -1 ORDER BY news_id desc  [ RunTime:0.0005s ]
NOTIC: [8] Undefined variable: data E:\php\WWW\cms3.2\Application\Admin\Controller\ContentController.class.php 第 17 行.
SQL: SELECT COUNT(*) AS tp_count FROM `cms_news` WHERE `status` <> -1 LIMIT 1   [ RunTime:0.0000s ]
INFO: [ view_parse ] --START--
INFO: [ template_filter ] --START--
INFO: Run Behavior\ContentReplaceBehavior [ RunTime:0.000000s ]
INFO: [ template_filter ] --END-- [ RunTime:0.000000s ]
NOTIC: [2048] Declaration of Common\Model\MenuModel::find() should be compatible with Think\Model::find($options = Array) E:\php\WWW\cms3.2\Application\Common\Model\MenuModel.class.php 第 109 行.
SQL: SHOW COLUMNS FROM `cms_menu` [ RunTime:0.0035s ]
SQL: SELECT * FROM `cms_menu` WHERE `status` <> -1 AND `type` = 1 ORDER BY listorder desc,menu_id desc  [ RunTime:0.0005s ]
NOTIC: [8] Undefined index: a E:\php\WWW\cms3.2\Application\Common\Common\function.php 第 39 行.
NOTIC: [8] Undefined index: a E:\php\WWW\cms3.2\Application\Common\Common\function.php 第 39 行.
NOTIC: [8] Undefined variable: webSiteMenu E:\php\WWW\cms3.2\Application\Runtime\Cache\Admin\ccc9ced3ad798311a07cb47b740981c5.php 第 147 行.
NOTIC: [8] Undefined variable: pageres E:\php\WWW\cms3.2\Application\Runtime\Cache\Admin\ccc9ced3ad798311a07cb47b740981c5.php 第 210 行.
NOTIC: [8] Undefined variable: positions E:\php\WWW\cms3.2\Application\Runtime\Cache\Admin\ccc9ced3ad798311a07cb47b740981c5.php 第 221 行.
INFO: Run Behavior\ParseTemplateBehavior [ RunTime:0.014000s ]
INFO: [ view_parse ] --END-- [ RunTime:0.014000s ]
INFO: [ view_filter ] --START--
INFO: Run Behavior\WriteHtmlCacheBehavior [ RunTime:0.000500s ]
INFO: [ view_filter ] --END-- [ RunTime:0.000500s ]
INFO: [ app_end ] --START--
INFO: Run Behavior\ShowPageTraceBehavior [ RunTime:0.000500s ]
INFO: [ app_end ] --END-- [ RunTime:0.000500s ]

[ 2018-07-16T16:04:15+08:00 ] 127.0.0.1 /admin.php?c=content
INFO: [ app_init ] --START--
INFO: Run Behavior\BuildLiteBehavior [ RunTime:0.000000s ]
INFO: [ app_init ] --END-- [ RunTime:0.000000s ]
INFO: [ app_begin ] --START--
INFO: Run Behavior\ReadHtmlCacheBehavior [ RunTime:0.000500s ]
INFO: [ app_begin ] --END-- [ RunTime:0.000500s ]
NOTIC: [8] Undefined index: p E:\php\WWW\cms3.2\Application\Admin\Controller\ContentController.class.php 第 14 行.
NOTIC: [8] Undefined index: pageSize E:\php\WWW\cms3.2\Application\Admin\Controller\ContentController.class.php 第 15 行.
SQL: SHOW COLUMNS FROM `cms_news` [ RunTime:0.0040s ]
NOTIC: [8] Undefined variable: data E:\php\WWW\cms3.2\Application\Admin\Controller\ContentController.class.php 第 16 行.
SQL: SELECT * FROM `cms_news` WHERE `status` <> -1 ORDER BY news_id desc  [ RunTime:0.0005s ]
NOTIC: [8] Undefined variable: data E:\php\WWW\cms3.2\Application\Admin\Controller\ContentController.class.php 第 17 行.
SQL: SELECT COUNT(*) AS tp_count FROM `cms_news` WHERE `status` <> -1 LIMIT 1   [ RunTime:0.0005s ]
INFO: [ view_parse ] --START--
INFO: [ template_filter ] --START--
INFO: Run Behavior\ContentReplaceBehavior [ RunTime:0.000000s ]
INFO: [ template_filter ] --END-- [ RunTime:0.000000s ]
NOTIC: [2048] Declaration of Common\Model\MenuModel::find() should be compatible with Think\Model::find($options = Array) E:\php\WWW\cms3.2\Application\Common\Model\MenuModel.class.php 第 109 行.
SQL: SHOW COLUMNS FROM `cms_menu` [ RunTime:0.0040s ]
SQL: SELECT * FROM `cms_menu` WHERE `status` <> -1 AND `type` = 1 ORDER BY listorder desc,menu_id desc  [ RunTime:0.0005s ]
NOTIC: [8] Undefined index: a E:\php\WWW\cms3.2\Application\Common\Common\function.php 第 39 行.
NOTIC: [8] Undefined index: a E:\php\WWW\cms3.2\Application\Common\Common\function.php 第 39 行.
NOTIC: [8] Undefined variable: webSiteMenu E:\php\WWW\cms3.2\Application\Runtime\Cache\Admin\ccc9ced3ad798311a07cb47b740981c5.php 第 147 行.
NOTIC: [8] Undefined variable: pageres E:\php\WWW\cms3.2\Application\Runtime\Cache\Admin\ccc9ced3ad798311a07cb47b740981c5.php 第 210 行.
NOTIC: [8] Undefined variable: positions E:\php\WWW\cms3.2\Application\Runtime\Cache\Admin\ccc9ced3ad798311a07cb47b740981c5.php 第 221 行.
INFO: Run Behavior\ParseTemplateBehavior [ RunTime:0.018000s ]
INFO: [ view_parse ] --END-- [ RunTime:0.018000s ]
INFO: [ view_filter ] --START--
INFO: Run Behavior\WriteHtmlCacheBehavior [ RunTime:0.000500s ]
INFO: [ view_filter ] --END-- [ RunTime:0.000500s ]
INFO: [ app_end ] --START--
INFO: Run Behavior\ShowPageTraceBehavior [ RunTime:0.000500s ]
INFO: [ app_end ] --END-- [ RunTime:0.001000s ]

[ 2018-07-16T16:04:16+08:00 ] 127.0.0.1 /admin.php?c=content
INFO: [ app_init ] --START--
INFO: Run Behavior\BuildLiteBehavior [ RunTime:0.000000s ]
INFO: [ app_init ] --END-- [ RunTime:0.001000s ]
INFO: [ app_begin ] --START--
INFO: Run Behavior\ReadHtmlCacheBehavior [ RunTime:0.000500s ]
INFO: [ app_begin ] --END-- [ RunTime:0.001000s ]
NOTIC: [8] Undefined index: p E:\php\WWW\cms3.2\Application\Admin\Controller\ContentController.class.php 第 14 行.
NOTIC: [8] Undefined index: pageSize E:\php\WWW\cms3.2\Application\Admin\Controller\ContentController.class.php 第 15 行.
SQL: SHOW COLUMNS FROM `cms_news` [ RunTime:0.0035s ]
NOTIC: [8] Undefined variable: data E:\php\WWW\cms3.2\Application\Admin\Controller\ContentController.class.php 第 16 行.
SQL: SELECT * FROM `cms_news` WHERE `status` <> -1 ORDER BY news_id desc  [ RunTime:0.0000s ]
NOTIC: [8] Undefined variable: data E:\php\WWW\cms3.2\Application\Admin\Controller\ContentController.class.php 第 17 行.
SQL: SELECT COUNT(*) AS tp_count FROM `cms_news` WHERE `status` <> -1 LIMIT 1   [ RunTime:0.0000s ]
INFO: [ view_parse ] --START--
INFO: [ template_filter ] --START--
INFO: Run Behavior\ContentReplaceBehavior [ RunTime:0.000000s ]
INFO: [ template_filter ] --END-- [ RunTime:0.000000s ]
NOTIC: [2048] Declaration of Common\Model\MenuModel::find() should be compatible with Think\Model::find($options = Array) E:\php\WWW\cms3.2\Application\Common\Model\MenuModel.class.php 第 109 行.
SQL: SHOW COLUMNS FROM `cms_menu` [ RunTime:0.0035s ]
SQL: SELECT * FROM `cms_menu` WHERE `status` <> -1 AND `type` = 1 ORDER BY listorder desc,menu_id desc  [ RunTime:0.0000s ]
NOTIC: [8] Undefined index: a E:\php\WWW\cms3.2\Application\Common\Common\function.php 第 39 行.
NOTIC: [8] Undefined index: a E:\php\WWW\cms3.2\Application\Common\Common\function.php 第 39 行.
NOTIC: [8] Undefined variable: webSiteMenu E:\php\WWW\cms3.2\Application\Runtime\Cache\Admin\ccc9ced3ad798311a07cb47b740981c5.php 第 147 行.
NOTIC: [8] Undefined variable: pageres E:\php\WWW\cms3.2\Application\Runtime\Cache\Admin\ccc9ced3ad798311a07cb47b740981c5.php 第 210 行.
NOTIC: [8] Undefined variable: positions E:\php\WWW\cms3.2\Application\Runtime\Cache\Admin\ccc9ced3ad798311a07cb47b740981c5.php 第 221 行.
INFO: Run Behavior\ParseTemplateBehavior [ RunTime:0.015500s ]
INFO: [ view_parse ] --END-- [ RunTime:0.015500s ]
INFO: [ view_filter ] --START--
INFO: Run Behavior\WriteHtmlCacheBehavior [ RunTime:0.000000s ]
INFO: [ view_filter ] --END-- [ RunTime:0.000500s ]
INFO: [ app_end ] --START--
INFO: Run Behavior\ShowPageTraceBehavior [ RunTime:0.000500s ]
INFO: [ app_end ] --END-- [ RunTime:0.000500s ]

[ 2018-07-16T16:04:16+08:00 ] 127.0.0.1 /admin.php?c=content
INFO: [ app_init ] --START--
INFO: Run Behavior\BuildLiteBehavior [ RunTime:0.000000s ]
INFO: [ app_init ] --END-- [ RunTime:0.000000s ]
INFO: [ app_begin ] --START--
INFO: Run Behavior\ReadHtmlCacheBehavior [ RunTime:0.000500s ]
INFO: [ app_begin ] --END-- [ RunTime:0.000500s ]
NOTIC: [8] Undefined index: p E:\php\WWW\cms3.2\Application\Admin\Controller\ContentController.class.php 第 14 行.
NOTIC: [8] Undefined index: pageSize E:\php\WWW\cms3.2\Application\Admin\Controller\ContentController.class.php 第 15 行.
SQL: SHOW COLUMNS FROM `cms_news` [ RunTime:0.0070s ]
NOTIC: [8] Undefined variable: data E:\php\WWW\cms3.2\Application\Admin\Controller\ContentController.class.php 第 16 行.
SQL: SELECT * FROM `cms_news` WHERE `status` <> -1 ORDER BY news_id desc  [ RunTime:0.0005s ]
NOTIC: [8] Undefined variable: data E:\php\WWW\cms3.2\Application\Admin\Controller\ContentController.class.php 第 17 行.
SQL: SELECT COUNT(*) AS tp_count FROM `cms_news` WHERE `status` <> -1 LIMIT 1   [ RunTime:0.0000s ]
INFO: [ view_parse ] --START--
INFO: [ template_filter ] --START--
INFO: Run Behavior\ContentReplaceBehavior [ RunTime:0.000000s ]
INFO: [ template_filter ] --END-- [ RunTime:0.000000s ]
NOTIC: [2048] Declaration of Common\Model\MenuModel::find() should be compatible with Think\Model::find($options = Array) E:\php\WWW\cms3.2\Application\Common\Model\MenuModel.class.php 第 109 行.
SQL: SHOW COLUMNS FROM `cms_menu` [ RunTime:0.0040s ]
SQL: SELECT * FROM `cms_menu` WHERE `status` <> -1 AND `type` = 1 ORDER BY listorder desc,menu_id desc  [ RunTime:0.0005s ]
NOTIC: [8] Undefined index: a E:\php\WWW\cms3.2\Application\Common\Common\function.php 第 39 行.
NOTIC: [8] Undefined index: a E:\php\WWW\cms3.2\Application\Common\Common\function.php 第 39 行.
NOTIC: [8] Undefined variable: webSiteMenu E:\php\WWW\cms3.2\Application\Runtime\Cache\Admin\ccc9ced3ad798311a07cb47b740981c5.php 第 147 行.
NOTIC: [8] Undefined variable: pageres E:\php\WWW\cms3.2\Application\Runtime\Cache\Admin\ccc9ced3ad798311a07cb47b740981c5.php 第 210 行.
NOTIC: [8] Undefined variable: positions E:\php\WWW\cms3.2\Application\Runtime\Cache\Admin\ccc9ced3ad798311a07cb47b740981c5.php 第 221 行.
INFO: Run Behavior\ParseTemplateBehavior [ RunTime:0.014500s ]
INFO: [ view_parse ] --END-- [ RunTime:0.014500s ]
INFO: [ view_filter ] --START--
INFO: Run Behavior\WriteHtmlCacheBehavior [ RunTime:0.000500s ]
INFO: [ view_filter ] --END-- [ RunTime:0.000500s ]
INFO: [ app_end ] --START--
INFO: Run Behavior\ShowPageTraceBehavior [ RunTime:0.000500s ]
INFO: [ app_end ] --END-- [ RunTime:0.000500s ]

[ 2018-07-16T16:04:16+08:00 ] 127.0.0.1 /admin.php?c=content
INFO: [ app_init ] --START--
INFO: Run Behavior\BuildLiteBehavior [ RunTime:0.000000s ]
INFO: [ app_init ] --END-- [ RunTime:0.000000s ]
INFO: [ app_begin ] --START--
INFO: Run Behavior\ReadHtmlCacheBehavior [ RunTime:0.000500s ]
INFO: [ app_begin ] --END-- [ RunTime:0.000500s ]
NOTIC: [8] Undefined index: p E:\php\WWW\cms3.2\Application\Admin\Controller\ContentController.class.php 第 14 行.
NOTIC: [8] Undefined index: pageSize E:\php\WWW\cms3.2\Application\Admin\Controller\ContentController.class.php 第 15 行.
SQL: SHOW COLUMNS FROM `cms_news` [ RunTime:0.0035s ]
NOTIC: [8] Undefined variable: data E:\php\WWW\cms3.2\Application\Admin\Controller\ContentController.class.php 第 16 行.
SQL: SELECT * FROM `cms_news` WHERE `status` <> -1 ORDER BY news_id desc  [ RunTime:0.0005s ]
NOTIC: [8] Undefined variable: data E:\php\WWW\cms3.2\Application\Admin\Controller\ContentController.class.php 第 17 行.
SQL: SELECT COUNT(*) AS tp_count FROM `cms_news` WHERE `status` <> -1 LIMIT 1   [ RunTime:0.0010s ]
INFO: [ view_parse ] --START--
INFO: [ template_filter ] --START--
INFO: Run Behavior\ContentReplaceBehavior [ RunTime:0.000000s ]
INFO: [ template_filter ] --END-- [ RunTime:0.000000s ]
NOTIC: [2048] Declaration of Common\Model\MenuModel::find() should be compatible with Think\Model::find($options = Array) E:\php\WWW\cms3.2\Application\Common\Model\MenuModel.class.php 第 109 行.
SQL: SHOW COLUMNS FROM `cms_menu` [ RunTime:0.0080s ]
SQL: SELECT * FROM `cms_menu` WHERE `status` <> -1 AND `type` = 1 ORDER BY listorder desc,menu_id desc  [ RunTime:0.0000s ]
NOTIC: [8] Undefined index: a E:\php\WWW\cms3.2\Application\Common\Common\function.php 第 39 行.
NOTIC: [8] Undefined index: a E:\php\WWW\cms3.2\Application\Common\Common\function.php 第 39 行.
NOTIC: [8] Undefined variable: webSiteMenu E:\php\WWW\cms3.2\Application\Runtime\Cache\Admin\ccc9ced3ad798311a07cb47b740981c5.php 第 147 行.
NOTIC: [8] Undefined variable: pageres E:\php\WWW\cms3.2\Application\Runtime\Cache\Admin\ccc9ced3ad798311a07cb47b740981c5.php 第 210 行.
NOTIC: [8] Undefined variable: positions E:\php\WWW\cms3.2\Application\Runtime\Cache\Admin\ccc9ced3ad798311a07cb47b740981c5.php 第 221 行.
INFO: Run Behavior\ParseTemplateBehavior [ RunTime:0.021500s ]
INFO: [ view_parse ] --END-- [ RunTime:0.021500s ]
INFO: [ view_filter ] --START--
INFO: Run Behavior\WriteHtmlCacheBehavior [ RunTime:0.000500s ]
INFO: [ view_filter ] --END-- [ RunTime:0.000500s ]
INFO: [ app_end ] --START--
INFO: Run Behavior\ShowPageTraceBehavior [ RunTime:0.000500s ]
INFO: [ app_end ] --END-- [ RunTime:0.001000s ]

[ 2018-07-16T16:05:01+08:00 ] 127.0.0.1 /admin.php?c=content
INFO: [ app_init ] --START--
INFO: Run Behavior\BuildLiteBehavior [ RunTime:0.000000s ]
INFO: [ app_init ] --END-- [ RunTime:0.000500s ]
INFO: [ app_begin ] --START--
INFO: Run Behavior\ReadHtmlCacheBehavior [ RunTime:0.001000s ]
INFO: [ app_begin ] --END-- [ RunTime:0.001000s ]
NOTIC: [8] Undefined index: p E:\php\WWW\cms3.2\Application\Admin\Controller\ContentController.class.php 第 14 行.
NOTIC: [8] Undefined index: pageSize E:\php\WWW\cms3.2\Application\Admin\Controller\ContentController.class.php 第 15 行.
SQL: SHOW COLUMNS FROM `cms_news` [ RunTime:0.0035s ]
NOTIC: [8] Undefined variable: data E:\php\WWW\cms3.2\Application\Admin\Controller\ContentController.class.php 第 16 行.
SQL: SELECT * FROM `cms_news` WHERE `status` <> -1 ORDER BY news_id desc  [ RunTime:0.0005s ]

[ 2018-07-16T16:05:08+08:00 ] 127.0.0.1 /admin.php?c=content
INFO: [ app_init ] --START--
INFO: Run Behavior\BuildLiteBehavior [ RunTime:0.000000s ]
INFO: [ app_init ] --END-- [ RunTime:0.000500s ]
INFO: [ app_begin ] --START--
INFO: Run Behavior\ReadHtmlCacheBehavior [ RunTime:0.001000s ]
INFO: [ app_begin ] --END-- [ RunTime:0.001000s ]
NOTIC: [8] Undefined index: p E:\php\WWW\cms3.2\Application\Admin\Controller\ContentController.class.php 第 14 行.
NOTIC: [8] Undefined index: pageSize E:\php\WWW\cms3.2\Application\Admin\Controller\ContentController.class.php 第 15 行.
SQL: SHOW COLUMNS FROM `cms_news` [ RunTime:0.0065s ]
NOTIC: [8] Undefined variable: data E:\php\WWW\cms3.2\Application\Admin\Controller\ContentController.class.php 第 16 行.
SQL: SELECT * FROM `cms_news` WHERE `status` <> -1 ORDER BY news_id desc  [ RunTime:0.0005s ]

[ 2018-07-16T16:05:08+08:00 ] 127.0.0.1 /admin.php?c=content
INFO: [ app_init ] --START--
INFO: Run Behavior\BuildLiteBehavior [ RunTime:0.000000s ]
INFO: [ app_init ] --END-- [ RunTime:0.001000s ]
INFO: [ app_begin ] --START--
INFO: Run Behavior\ReadHtmlCacheBehavior [ RunTime:0.001000s ]
INFO: [ app_begin ] --END-- [ RunTime:0.001000s ]
NOTIC: [8] Undefined index: p E:\php\WWW\cms3.2\Application\Admin\Controller\ContentController.class.php 第 14 行.
NOTIC: [8] Undefined index: pageSize E:\php\WWW\cms3.2\Application\Admin\Controller\ContentController.class.php 第 15 行.
SQL: SHOW COLUMNS FROM `cms_news` [ RunTime:0.0050s ]
NOTIC: [8] Undefined variable: data E:\php\WWW\cms3.2\Application\Admin\Controller\ContentController.class.php 第 16 行.
SQL: SELECT * FROM `cms_news` WHERE `status` <> -1 ORDER BY news_id desc  [ RunTime:0.0005s ]

[ 2018-07-16T16:05:08+08:00 ] 127.0.0.1 /admin.php?c=content
INFO: [ app_init ] --START--
INFO: Run Behavior\BuildLiteBehavior [ RunTime:0.000000s ]
INFO: [ app_init ] --END-- [ RunTime:0.000500s ]
INFO: [ app_begin ] --START--
INFO: Run Behavior\ReadHtmlCacheBehavior [ RunTime:0.000500s ]
INFO: [ app_begin ] --END-- [ RunTime:0.001000s ]
NOTIC: [8] Undefined index: p E:\php\WWW\cms3.2\Application\Admin\Controller\ContentController.class.php 第 14 行.
NOTIC: [8] Undefined index: pageSize E:\php\WWW\cms3.2\Application\Admin\Controller\ContentController.class.php 第 15 行.
SQL: SHOW COLUMNS FROM `cms_news` [ RunTime:0.0030s ]
NOTIC: [8] Undefined variable: data E:\php\WWW\cms3.2\Application\Admin\Controller\ContentController.class.php 第 16 行.
SQL: SELECT * FROM `cms_news` WHERE `status` <> -1 ORDER BY news_id desc  [ RunTime:0.0005s ]

[ 2018-07-16T16:05:09+08:00 ] 127.0.0.1 /admin.php?c=content
INFO: [ app_init ] --START--
INFO: Run Behavior\BuildLiteBehavior [ RunTime:0.000000s ]
INFO: [ app_init ] --END-- [ RunTime:0.000500s ]
INFO: [ app_begin ] --START--
INFO: Run Behavior\ReadHtmlCacheBehavior [ RunTime:0.000500s ]
INFO: [ app_begin ] --END-- [ RunTime:0.000500s ]
NOTIC: [8] Undefined index: p E:\php\WWW\cms3.2\Application\Admin\Controller\ContentController.class.php 第 14 行.
NOTIC: [8] Undefined index: pageSize E:\php\WWW\cms3.2\Application\Admin\Controller\ContentController.class.php 第 15 行.
SQL: SHOW COLUMNS FROM `cms_news` [ RunTime:0.0030s ]
NOTIC: [8] Undefined variable: data E:\php\WWW\cms3.2\Application\Admin\Controller\ContentController.class.php 第 16 行.
SQL: SELECT * FROM `cms_news` WHERE `status` <> -1 ORDER BY news_id desc  [ RunTime:0.0000s ]

[ 2018-07-16T16:06:05+08:00 ] 127.0.0.1 /admin.php?c=content
INFO: [ app_init ] --START--
INFO: Run Behavior\BuildLiteBehavior [ RunTime:0.000000s ]
INFO: [ app_init ] --END-- [ RunTime:0.000500s ]
INFO: [ app_begin ] --START--
INFO: Run Behavior\ReadHtmlCacheBehavior [ RunTime:0.001500s ]
INFO: [ app_begin ] --END-- [ RunTime:0.001500s ]
NOTIC: [8] Undefined index: p E:\php\WWW\cms3.2\Application\Admin\Controller\ContentController.class.php 第 14 行.
NOTIC: [8] Undefined index: pageSize E:\php\WWW\cms3.2\Application\Admin\Controller\ContentController.class.php 第 15 行.
SQL: SHOW COLUMNS FROM `cms_news` [ RunTime:0.0055s ]
NOTIC: [8] Undefined variable: data E:\php\WWW\cms3.2\Application\Admin\Controller\ContentController.class.php 第 16 行.
SQL: SELECT * FROM `cms_news` WHERE `status` <> -1 ORDER BY news_id desc  [ RunTime:0.0005s ]
NOTIC: [8] Undefined variable: data E:\php\WWW\cms3.2\Application\Admin\Controller\ContentController.class.php 第 17 行.
SQL: SELECT COUNT(*) AS tp_count FROM `cms_news` WHERE `status` <> -1 LIMIT 1   [ RunTime:0.0000s ]
NOTIC: [8] Undefined variable: sing_path E:\php\WWW\cms3.2\ThinkPHP\Common\functions.php 第 991 行.
INFO: [ view_parse ] --START--
INFO: [ template_filter ] --START--
INFO: Run Behavior\ContentReplaceBehavior [ RunTime:0.000000s ]
INFO: [ template_filter ] --END-- [ RunTime:0.000000s ]
NOTIC: [2048] Declaration of Common\Model\MenuModel::find() should be compatible with Think\Model::find($options = Array) E:\php\WWW\cms3.2\Application\Common\Model\MenuModel.class.php 第 109 行.
SQL: SHOW COLUMNS FROM `cms_menu` [ RunTime:0.0040s ]
SQL: SELECT * FROM `cms_menu` WHERE `status` <> -1 AND `type` = 1 ORDER BY listorder desc,menu_id desc  [ RunTime:0.0005s ]
NOTIC: [8] Undefined index: a E:\php\WWW\cms3.2\Application\Common\Common\function.php 第 39 行.
NOTIC: [8] Undefined index: a E:\php\WWW\cms3.2\Application\Common\Common\function.php 第 39 行.
NOTIC: [8] Undefined variable: webSiteMenu E:\php\WWW\cms3.2\Application\Runtime\Cache\Admin\ccc9ced3ad798311a07cb47b740981c5.php 第 147 行.
NOTIC: [8] Undefined variable: pageres E:\php\WWW\cms3.2\Application\Runtime\Cache\Admin\ccc9ced3ad798311a07cb47b740981c5.php 第 210 行.
NOTIC: [8] Undefined variable: positions E:\php\WWW\cms3.2\Application\Runtime\Cache\Admin\ccc9ced3ad798311a07cb47b740981c5.php 第 221 行.
INFO: Run Behavior\ParseTemplateBehavior [ RunTime:0.014500s ]
INFO: [ view_parse ] --END-- [ RunTime:0.014500s ]
INFO: [ view_filter ] --START--
INFO: Run Behavior\WriteHtmlCacheBehavior [ RunTime:0.000500s ]
INFO: [ view_filter ] --END-- [ RunTime:0.000500s ]
INFO: [ app_end ] --START--
INFO: Run Behavior\ShowPageTraceBehavior [ RunTime:0.000500s ]
INFO: [ app_end ] --END-- [ RunTime:0.000500s ]

[ 2018-07-16T16:13:38+08:00 ] 127.0.0.1 /admin.php?c=content
INFO: [ app_init ] --START--
INFO: Run Behavior\BuildLiteBehavior [ RunTime:0.000000s ]
INFO: [ app_init ] --END-- [ RunTime:0.000000s ]
INFO: [ app_begin ] --START--
INFO: Run Behavior\ReadHtmlCacheBehavior [ RunTime:0.000500s ]
INFO: [ app_begin ] --END-- [ RunTime:0.000500s ]
NOTIC: [8] Undefined index: p E:\php\WWW\cms3.2\Application\Admin\Controller\ContentController.class.php 第 14 行.
NOTIC: [8] Undefined index: pageSize E:\php\WWW\cms3.2\Application\Admin\Controller\ContentController.class.php 第 15 行.
SQL: SHOW COLUMNS FROM `cms_news` [ RunTime:0.0035s ]
NOTIC: [8] Undefined variable: data E:\php\WWW\cms3.2\Application\Admin\Controller\ContentController.class.php 第 16 行.
SQL: SELECT * FROM `cms_news` WHERE `status` <> -1 ORDER BY news_id desc  [ RunTime:0.0000s ]
NOTIC: [8] Undefined variable: data E:\php\WWW\cms3.2\Application\Admin\Controller\ContentController.class.php 第 17 行.
SQL: SELECT COUNT(*) AS tp_count FROM `cms_news` WHERE `status` <> -1 LIMIT 1   [ RunTime:0.0000s ]
NOTIC: [8] Undefined variable: sing_path E:\php\WWW\cms3.2\ThinkPHP\Common\functions.php 第 991 行.
INFO: [ view_parse ] --START--
INFO: [ template_filter ] --START--
INFO: Run Behavior\ContentReplaceBehavior [ RunTime:0.000000s ]
INFO: [ template_filter ] --END-- [ RunTime:0.000000s ]
NOTIC: [2048] Declaration of Common\Model\MenuModel::find() should be compatible with Think\Model::find($options = Array) E:\php\WWW\cms3.2\Application\Common\Model\MenuModel.class.php 第 109 行.
SQL: SHOW COLUMNS FROM `cms_menu` [ RunTime:0.0035s ]
SQL: SELECT * FROM `cms_menu` WHERE `status` <> -1 AND `type` = 1 ORDER BY listorder desc,menu_id desc  [ RunTime:0.0005s ]
NOTIC: [8] Undefined index: a E:\php\WWW\cms3.2\Application\Common\Common\function.php 第 45 行.
NOTIC: [8] Undefined index: a E:\php\WWW\cms3.2\Application\Common\Common\function.php 第 45 行.
NOTIC: [8] Undefined variable: webSiteMenu E:\php\WWW\cms3.2\Application\Runtime\Cache\Admin\ccc9ced3ad798311a07cb47b740981c5.php 第 147 行.
NOTIC: [8] Undefined variable: pageres E:\php\WWW\cms3.2\Application\Runtime\Cache\Admin\ccc9ced3ad798311a07cb47b740981c5.php 第 210 行.
NOTIC: [8] Undefined variable: positions E:\php\WWW\cms3.2\Application\Runtime\Cache\Admin\ccc9ced3ad798311a07cb47b740981c5.php 第 221 行.
INFO: Run Behavior\ParseTemplateBehavior [ RunTime:0.021000s ]
INFO: [ view_parse ] --END-- [ RunTime:0.021000s ]
INFO: [ view_filter ] --START--
INFO: Run Behavior\WriteHtmlCacheBehavior [ RunTime:0.000500s ]
INFO: [ view_filter ] --END-- [ RunTime:0.000500s ]
INFO: [ app_end ] --START--
INFO: Run Behavior\ShowPageTraceBehavior [ RunTime:0.000500s ]
INFO: [ app_end ] --END-- [ RunTime:0.000500s ]

[ 2018-07-16T16:14:14+08:00 ] 127.0.0.1 /admin.php?c=content
INFO: [ app_init ] --START--
INFO: Run Behavior\BuildLiteBehavior [ RunTime:0.000000s ]
INFO: [ app_init ] --END-- [ RunTime:0.000500s ]
INFO: [ app_begin ] --START--
INFO: Run Behavior\ReadHtmlCacheBehavior [ RunTime:0.000500s ]
INFO: [ app_begin ] --END-- [ RunTime:0.000500s ]
NOTIC: [8] Undefined index: p E:\php\WWW\cms3.2\Application\Admin\Controller\ContentController.class.php 第 14 行.
NOTIC: [8] Undefined index: pageSize E:\php\WWW\cms3.2\Application\Admin\Controller\ContentController.class.php 第 15 行.
SQL: SHOW COLUMNS FROM `cms_news` [ RunTime:0.0035s ]
NOTIC: [8] Undefined variable: data E:\php\WWW\cms3.2\Application\Admin\Controller\ContentController.class.php 第 16 行.
SQL: SELECT * FROM `cms_news` WHERE `status` <> -1 ORDER BY news_id desc  [ RunTime:0.0005s ]
NOTIC: [8] Undefined variable: data E:\php\WWW\cms3.2\Application\Admin\Controller\ContentController.class.php 第 17 行.
SQL: SELECT COUNT(*) AS tp_count FROM `cms_news` WHERE `status` <> -1 LIMIT 1   [ RunTime:0.0005s ]
NOTIC: [8] Undefined variable: sing_path E:\php\WWW\cms3.2\ThinkPHP\Common\functions.php 第 991 行.
INFO: [ view_parse ] --START--
INFO: [ template_filter ] --START--
INFO: Run Behavior\ContentReplaceBehavior [ RunTime:0.000500s ]
INFO: [ template_filter ] --END-- [ RunTime:0.000500s ]
NOTIC: [2048] Declaration of Common\Model\MenuModel::find() should be compatible with Think\Model::find($options = Array) E:\php\WWW\cms3.2\Application\Common\Model\MenuModel.class.php 第 109 行.
SQL: SHOW COLUMNS FROM `cms_menu` [ RunTime:0.0035s ]
SQL: SELECT * FROM `cms_menu` WHERE `status` <> -1 AND `type` = 1 ORDER BY listorder desc,menu_id desc  [ RunTime:0.0005s ]
NOTIC: [8] Undefined index: a E:\php\WWW\cms3.2\Application\Common\Common\function.php 第 45 行.
NOTIC: [8] Undefined index: a E:\php\WWW\cms3.2\Application\Common\Common\function.php 第 45 行.
NOTIC: [8] Undefined variable: webSiteMenu E:\php\WWW\cms3.2\Application\Runtime\Cache\Admin\ccc9ced3ad798311a07cb47b740981c5.php 第 147 行.
NOTIC: [8] Undefined variable: pageres E:\php\WWW\cms3.2\Application\Runtime\Cache\Admin\ccc9ced3ad798311a07cb47b740981c5.php 第 210 行.
NOTIC: [8] Undefined variable: positions E:\php\WWW\cms3.2\Application\Runtime\Cache\Admin\ccc9ced3ad798311a07cb47b740981c5.php 第 221 行.
INFO: Run Behavior\ParseTemplateBehavior [ RunTime:0.013500s ]
INFO: [ view_parse ] --END-- [ RunTime:0.013500s ]
INFO: [ view_filter ] --START--
INFO: Run Behavior\WriteHtmlCacheBehavior [ RunTime:0.000500s ]
INFO: [ view_filter ] --END-- [ RunTime:0.000500s ]
INFO: [ app_end ] --START--
INFO: Run Behavior\ShowPageTraceBehavior [ RunTime:0.000500s ]
INFO: [ app_end ] --END-- [ RunTime:0.000500s ]

[ 2018-07-16T16:14:40+08:00 ] 127.0.0.1 /admin.php?c=content
INFO: [ app_init ] --START--
INFO: Run Behavior\BuildLiteBehavior [ RunTime:0.000000s ]
INFO: [ app_init ] --END-- [ RunTime:0.000500s ]
INFO: [ app_begin ] --START--
INFO: Run Behavior\ReadHtmlCacheBehavior [ RunTime:0.000500s ]
INFO: [ app_begin ] --END-- [ RunTime:0.000500s ]
NOTIC: [8] Undefined index: p E:\php\WWW\cms3.2\Application\Admin\Controller\ContentController.class.php 第 14 行.
NOTIC: [8] Undefined index: pageSize E:\php\WWW\cms3.2\Application\Admin\Controller\ContentController.class.php 第 15 行.
SQL: SHOW COLUMNS FROM `cms_news` [ RunTime:0.0045s ]
NOTIC: [8] Undefined variable: data E:\php\WWW\cms3.2\Application\Admin\Controller\ContentController.class.php 第 16 行.
SQL: SELECT * FROM `cms_news` WHERE `status` <> -1 ORDER BY news_id desc  [ RunTime:0.0005s ]
NOTIC: [8] Undefined variable: data E:\php\WWW\cms3.2\Application\Admin\Controller\ContentController.class.php 第 17 行.
SQL: SELECT COUNT(*) AS tp_count FROM `cms_news` WHERE `status` <> -1 LIMIT 1   [ RunTime:0.0005s ]
NOTIC: [8] Undefined variable: sing_path E:\php\WWW\cms3.2\ThinkPHP\Common\functions.php 第 991 行.
INFO: [ view_parse ] --START--
INFO: [ template_filter ] --START--
INFO: Run Behavior\ContentReplaceBehavior [ RunTime:0.000000s ]
INFO: [ template_filter ] --END-- [ RunTime:0.000000s ]
NOTIC: [2048] Declaration of Common\Model\MenuModel::find() should be compatible with Think\Model::find($options = Array) E:\php\WWW\cms3.2\Application\Common\Model\MenuModel.class.php 第 109 行.
SQL: SHOW COLUMNS FROM `cms_menu` [ RunTime:0.0045s ]
SQL: SELECT * FROM `cms_menu` WHERE `status` <> -1 AND `type` = 1 ORDER BY listorder desc,menu_id desc  [ RunTime:0.0000s ]
NOTIC: [8] Undefined index: a E:\php\WWW\cms3.2\Application\Common\Common\function.php 第 45 行.
NOTIC: [8] Undefined index: a E:\php\WWW\cms3.2\Application\Common\Common\function.php 第 45 行.
NOTIC: [8] Undefined variable: webSiteMenu E:\php\WWW\cms3.2\Application\Runtime\Cache\Admin\ccc9ced3ad798311a07cb47b740981c5.php 第 147 行.
NOTIC: [8] Undefined variable: pageres E:\php\WWW\cms3.2\Application\Runtime\Cache\Admin\ccc9ced3ad798311a07cb47b740981c5.php 第 210 行.
NOTIC: [8] Undefined variable: positions E:\php\WWW\cms3.2\Application\Runtime\Cache\Admin\ccc9ced3ad798311a07cb47b740981c5.php 第 221 行.
INFO: Run Behavior\ParseTemplateBehavior [ RunTime:0.017500s ]
INFO: [ view_parse ] --END-- [ RunTime:0.017500s ]
INFO: [ view_filter ] --START--
INFO: Run Behavior\WriteHtmlCacheBehavior [ RunTime:0.000500s ]
INFO: [ view_filter ] --END-- [ RunTime:0.000500s ]
INFO: [ app_end ] --START--
INFO: Run Behavior\ShowPageTraceBehavior [ RunTime:0.001000s ]
INFO: [ app_end ] --END-- [ RunTime:0.001000s ]

[ 2018-07-16T16:15:00+08:00 ] 127.0.0.1 /admin.php?c=menu
INFO: [ app_init ] --START--
INFO: Run Behavior\BuildLiteBehavior [ RunTime:0.000000s ]
INFO: [ app_init ] --END-- [ RunTime:0.000500s ]
INFO: [ app_begin ] --START--
INFO: Run Behavior\ReadHtmlCacheBehavior [ RunTime:0.001000s ]
INFO: [ app_begin ] --END-- [ RunTime:0.001000s ]
NOTIC: [8] Undefined index: p E:\php\WWW\cms3.2\Application\Admin\Controller\MenuController.class.php 第 18 行.
NOTIC: [8] Undefined index: pageSize E:\php\WWW\cms3.2\Application\Admin\Controller\MenuController.class.php 第 19 行.
NOTIC: [2048] Declaration of Common\Model\MenuModel::find() should be compatible with Think\Model::find($options = Array) E:\php\WWW\cms3.2\Application\Common\Model\MenuModel.class.php 第 10 行.
SQL: SHOW COLUMNS FROM `cms_menu` [ RunTime:0.0040s ]
SQL: SELECT * FROM `cms_menu` WHERE `status` <> -1 ORDER BY listorder desc,menu_id desc LIMIT 0,3   [ RunTime:0.0005s ]
SQL: SELECT COUNT(*) AS tp_count FROM `cms_menu` WHERE `status` <> -1 LIMIT 1   [ RunTime:0.0005s ]
NOTIC: [8] Undefined variable: sing_path E:\php\WWW\cms3.2\ThinkPHP\Common\functions.php 第 991 行.
INFO: [ view_parse ] --START--
INFO: [ template_filter ] --START--
INFO: Run Behavior\ContentReplaceBehavior [ RunTime:0.000000s ]
INFO: [ template_filter ] --END-- [ RunTime:0.000000s ]
SQL: SELECT * FROM `cms_menu` WHERE `status` <> -1 AND `type` = 1 ORDER BY listorder desc,menu_id desc  [ RunTime:0.0005s ]
NOTIC: [8] Undefined index: a E:\php\WWW\cms3.2\Application\Common\Common\function.php 第 45 行.
NOTIC: [8] Undefined index: a E:\php\WWW\cms3.2\Application\Common\Common\function.php 第 45 行.
NOTIC: [8] Array to string conversion E:\php\WWW\cms3.2\Application\Runtime\Cache\Admin\b956215329b6f9aca22277599a4efdfc.php 第 134 行.
INFO: Run Behavior\ParseTemplateBehavior [ RunTime:0.009500s ]
INFO: [ view_parse ] --END-- [ RunTime:0.010500s ]
INFO: [ view_filter ] --START--
INFO: Run Behavior\WriteHtmlCacheBehavior [ RunTime:0.000000s ]
INFO: [ view_filter ] --END-- [ RunTime:0.000000s ]
INFO: [ app_end ] --START--
INFO: Run Behavior\ShowPageTraceBehavior [ RunTime:0.000500s ]
INFO: [ app_end ] --END-- [ RunTime:0.000500s ]

[ 2018-07-16T16:15:02+08:00 ] 127.0.0.1 /admin.php?c=content
INFO: [ app_init ] --START--
INFO: Run Behavior\BuildLiteBehavior [ RunTime:0.000000s ]
INFO: [ app_init ] --END-- [ RunTime:0.000500s ]
INFO: [ app_begin ] --START--
INFO: Run Behavior\ReadHtmlCacheBehavior [ RunTime:0.000500s ]
INFO: [ app_begin ] --END-- [ RunTime:0.000500s ]
NOTIC: [8] Undefined index: p E:\php\WWW\cms3.2\Application\Admin\Controller\ContentController.class.php 第 14 行.
NOTIC: [8] Undefined index: pageSize E:\php\WWW\cms3.2\Application\Admin\Controller\ContentController.class.php 第 15 行.
SQL: SHOW COLUMNS FROM `cms_news` [ RunTime:0.0035s ]
NOTIC: [8] Undefined variable: data E:\php\WWW\cms3.2\Application\Admin\Controller\ContentController.class.php 第 16 行.
SQL: SELECT * FROM `cms_news` WHERE `status` <> -1 ORDER BY news_id desc  [ RunTime:0.0005s ]
NOTIC: [8] Undefined variable: data E:\php\WWW\cms3.2\Application\Admin\Controller\ContentController.class.php 第 17 行.
SQL: SELECT COUNT(*) AS tp_count FROM `cms_news` WHERE `status` <> -1 LIMIT 1   [ RunTime:0.0000s ]
NOTIC: [8] Undefined variable: sing_path E:\php\WWW\cms3.2\ThinkPHP\Common\functions.php 第 991 行.
INFO: [ view_parse ] --START--
INFO: [ template_filter ] --START--
INFO: Run Behavior\ContentReplaceBehavior [ RunTime:0.000000s ]
INFO: [ template_filter ] --END-- [ RunTime:0.000500s ]
NOTIC: [2048] Declaration of Common\Model\MenuModel::find() should be compatible with Think\Model::find($options = Array) E:\php\WWW\cms3.2\Application\Common\Model\MenuModel.class.php 第 109 行.
SQL: SHOW COLUMNS FROM `cms_menu` [ RunTime:0.0035s ]
SQL: SELECT * FROM `cms_menu` WHERE `status` <> -1 AND `type` = 1 ORDER BY listorder desc,menu_id desc  [ RunTime:0.0000s ]
NOTIC: [8] Undefined index: a E:\php\WWW\cms3.2\Application\Common\Common\function.php 第 45 行.
NOTIC: [8] Undefined index: a E:\php\WWW\cms3.2\Application\Common\Common\function.php 第 45 行.
NOTIC: [8] Undefined variable: webSiteMenu E:\php\WWW\cms3.2\Application\Runtime\Cache\Admin\ccc9ced3ad798311a07cb47b740981c5.php 第 147 行.
NOTIC: [8] Undefined variable: pageres E:\php\WWW\cms3.2\Application\Runtime\Cache\Admin\ccc9ced3ad798311a07cb47b740981c5.php 第 210 行.
NOTIC: [8] Undefined variable: positions E:\php\WWW\cms3.2\Application\Runtime\Cache\Admin\ccc9ced3ad798311a07cb47b740981c5.php 第 221 行.
INFO: Run Behavior\ParseTemplateBehavior [ RunTime:0.013500s ]
INFO: [ view_parse ] --END-- [ RunTime:0.013500s ]
INFO: [ view_filter ] --START--
INFO: Run Behavior\WriteHtmlCacheBehavior [ RunTime:0.000500s ]
INFO: [ view_filter ] --END-- [ RunTime:0.000500s ]
INFO: [ app_end ] --START--
INFO: Run Behavior\ShowPageTraceBehavior [ RunTime:0.000500s ]
INFO: [ app_end ] --END-- [ RunTime:0.000500s ]

[ 2018-07-16T16:15:09+08:00 ] 127.0.0.1 /admin.php?c=content
INFO: [ app_init ] --START--
INFO: Run Behavior\BuildLiteBehavior [ RunTime:0.000000s ]
INFO: [ app_init ] --END-- [ RunTime:0.001000s ]
INFO: [ app_begin ] --START--
INFO: Run Behavior\ReadHtmlCacheBehavior [ RunTime:0.001000s ]
INFO: [ app_begin ] --END-- [ RunTime:0.001000s ]
NOTIC: [8] Undefined index: p E:\php\WWW\cms3.2\Application\Admin\Controller\ContentController.class.php 第 14 行.
NOTIC: [8] Undefined index: pageSize E:\php\WWW\cms3.2\Application\Admin\Controller\ContentController.class.php 第 15 行.
SQL: SHOW COLUMNS FROM `cms_news` [ RunTime:0.0055s ]
NOTIC: [8] Undefined variable: data E:\php\WWW\cms3.2\Application\Admin\Controller\ContentController.class.php 第 16 行.
SQL: SELECT * FROM `cms_news` WHERE `status` <> -1 ORDER BY news_id desc  [ RunTime:0.0005s ]
NOTIC: [8] Undefined variable: data E:\php\WWW\cms3.2\Application\Admin\Controller\ContentController.class.php 第 17 行.
SQL: SELECT COUNT(*) AS tp_count FROM `cms_news` WHERE `status` <> -1 LIMIT 1   [ RunTime:0.0000s ]
NOTIC: [8] Undefined variable: sing_path E:\php\WWW\cms3.2\ThinkPHP\Common\functions.php 第 991 行.
INFO: [ view_parse ] --START--
INFO: [ template_filter ] --START--
INFO: Run Behavior\ContentReplaceBehavior [ RunTime:0.000000s ]
INFO: [ template_filter ] --END-- [ RunTime:0.000000s ]
NOTIC: [2048] Declaration of Common\Model\MenuModel::find() should be compatible with Think\Model::find($options = Array) E:\php\WWW\cms3.2\Application\Common\Model\MenuModel.class.php 第 109 行.
SQL: SHOW COLUMNS FROM `cms_menu` [ RunTime:0.0035s ]
SQL: SELECT * FROM `cms_menu` WHERE `status` <> -1 AND `type` = 1 ORDER BY listorder desc,menu_id desc  [ RunTime:0.0000s ]
NOTIC: [8] Undefined index: a E:\php\WWW\cms3.2\Application\Common\Common\function.php 第 45 行.
NOTIC: [8] Undefined index: a E:\php\WWW\cms3.2\Application\Common\Common\function.php 第 45 行.
NOTIC: [8] Undefined variable: webSiteMenu E:\php\WWW\cms3.2\Application\Runtime\Cache\Admin\ccc9ced3ad798311a07cb47b740981c5.php 第 147 行.
NOTIC: [8] Undefined variable: pageres E:\php\WWW\cms3.2\Application\Runtime\Cache\Admin\ccc9ced3ad798311a07cb47b740981c5.php 第 210 行.
NOTIC: [8] Undefined variable: positions E:\php\WWW\cms3.2\Application\Runtime\Cache\Admin\ccc9ced3ad798311a07cb47b740981c5.php 第 221 行.
INFO: Run Behavior\ParseTemplateBehavior [ RunTime:0.014000s ]
INFO: [ view_parse ] --END-- [ RunTime:0.014000s ]
INFO: [ view_filter ] --START--
INFO: Run Behavior\WriteHtmlCacheBehavior [ RunTime:0.000000s ]
INFO: [ view_filter ] --END-- [ RunTime:0.000000s ]
INFO: [ app_end ] --START--
INFO: Run Behavior\ShowPageTraceBehavior [ RunTime:0.000000s ]
INFO: [ app_end ] --END-- [ RunTime:0.000500s ]

[ 2018-07-16T16:15:10+08:00 ] 127.0.0.1 /admin.php?c=content&a=add
INFO: [ app_init ] --START--
INFO: Run Behavior\BuildLiteBehavior [ RunTime:0.000000s ]
INFO: [ app_init ] --END-- [ RunTime:0.000500s ]
INFO: [ app_begin ] --START--
INFO: Run Behavior\ReadHtmlCacheBehavior [ RunTime:0.000500s ]
INFO: [ app_begin ] --END-- [ RunTime:0.000500s ]
NOTIC: [2048] Declaration of Common\Model\MenuModel::find() should be compatible with Think\Model::find($options = Array) E:\php\WWW\cms3.2\Application\Common\Model\MenuModel.class.php 第 10 行.
SQL: SHOW COLUMNS FROM `cms_menu` [ RunTime:0.0040s ]
SQL: SELECT * FROM `cms_menu` WHERE `status` <> -1 AND `type` = 0 ORDER BY listorder desc,menu_id desc  [ RunTime:0.0005s ]
INFO: [ view_parse ] --START--
INFO: [ template_filter ] --START--
INFO: Run Behavior\ContentReplaceBehavior [ RunTime:0.000500s ]
INFO: [ template_filter ] --END-- [ RunTime:0.000500s ]
SQL: SELECT * FROM `cms_menu` WHERE `status` <> -1 AND `type` = 1 ORDER BY listorder desc,menu_id desc  [ RunTime:0.0005s ]
NOTIC: [8] Undefined index: a E:\php\WWW\cms3.2\Application\Common\Common\function.php 第 45 行.
NOTIC: [8] Undefined index: a E:\php\WWW\cms3.2\Application\Common\Common\function.php 第 45 行.
NOTIC: [8] Undefined variable: titleFontColor E:\php\WWW\cms3.2\Application\Runtime\Cache\Admin\e2744aea2724da3a85f9df759ede898a.php 第 173 行.
NOTIC: [8] Undefined variable: copyfrom E:\php\WWW\cms3.2\Application\Runtime\Cache\Admin\e2744aea2724da3a85f9df759ede898a.php 第 191 行.
INFO: Run Behavior\ParseTemplateBehavior [ RunTime:0.011000s ]
INFO: [ view_parse ] --END-- [ RunTime:0.011000s ]
INFO: [ view_filter ] --START--
INFO: Run Behavior\WriteHtmlCacheBehavior [ RunTime:0.000000s ]
INFO: [ view_filter ] --END-- [ RunTime:0.000000s ]
INFO: [ app_end ] --START--
INFO: Run Behavior\ShowPageTraceBehavior [ RunTime:0.000500s ]
INFO: [ app_end ] --END-- [ RunTime:0.000500s ]

[ 2018-07-16T16:15:20+08:00 ] 127.0.0.1 /admin.php?c=content&a=add
INFO: [ app_init ] --START--
INFO: Run Behavior\BuildLiteBehavior [ RunTime:0.000000s ]
INFO: [ app_init ] --END-- [ RunTime:0.000500s ]
INFO: [ app_begin ] --START--
INFO: Run Behavior\ReadHtmlCacheBehavior [ RunTime:0.001000s ]
INFO: [ app_begin ] --END-- [ RunTime:0.001000s ]
SQL: SHOW COLUMNS FROM `cms_news` [ RunTime:0.0040s ]
NOTIC: [8] Undefined index: userName E:\php\WWW\cms3.2\Application\Common\Common\function.php 第 73 行.
SQL: INSERT INTO `cms_news` (`title`,`thumb`,`catid`,`description`,`keywords`,`create_time`,`username`) VALUES ('awdawd','','0','','','1531728920','') [ RunTime:0.0005s ]
SQL: SHOW COLUMNS FROM `cms_news_content` [ RunTime:0.0045s ]
SQL: INSERT INTO `cms_news_content` (`content`,`news_id`,`create_time`) VALUES ('awdawdawd','9','1531728920') [ RunTime:0.0005s ]

[ 2018-07-16T16:15:21+08:00 ] 127.0.0.1 /admin.php?c=content
INFO: [ app_init ] --START--
INFO: Run Behavior\BuildLiteBehavior [ RunTime:0.000000s ]
INFO: [ app_init ] --END-- [ RunTime:0.000500s ]
INFO: [ app_begin ] --START--
INFO: Run Behavior\ReadHtmlCacheBehavior [ RunTime:0.001000s ]
INFO: [ app_begin ] --END-- [ RunTime:0.001000s ]
NOTIC: [8] Undefined index: p E:\php\WWW\cms3.2\Application\Admin\Controller\ContentController.class.php 第 14 行.
NOTIC: [8] Undefined index: pageSize E:\php\WWW\cms3.2\Application\Admin\Controller\ContentController.class.php 第 15 行.
SQL: SHOW COLUMNS FROM `cms_news` [ RunTime:0.0045s ]
NOTIC: [8] Undefined variable: data E:\php\WWW\cms3.2\Application\Admin\Controller\ContentController.class.php 第 16 行.
SQL: SELECT * FROM `cms_news` WHERE `status` <> -1 ORDER BY news_id desc  [ RunTime:0.0005s ]
NOTIC: [8] Undefined variable: data E:\php\WWW\cms3.2\Application\Admin\Controller\ContentController.class.php 第 17 行.
SQL: SELECT COUNT(*) AS tp_count FROM `cms_news` WHERE `status` <> -1 LIMIT 1   [ RunTime:0.0000s ]
NOTIC: [8] Undefined variable: sing_path E:\php\WWW\cms3.2\ThinkPHP\Common\functions.php 第 991 行.
INFO: [ view_parse ] --START--
INFO: [ template_filter ] --START--
INFO: Run Behavior\ContentReplaceBehavior [ RunTime:0.000000s ]
INFO: [ template_filter ] --END-- [ RunTime:0.000000s ]
NOTIC: [2048] Declaration of Common\Model\MenuModel::find() should be compatible with Think\Model::find($options = Array) E:\php\WWW\cms3.2\Application\Common\Model\MenuModel.class.php 第 109 行.
SQL: SHOW COLUMNS FROM `cms_menu` [ RunTime:0.0045s ]
SQL: SELECT * FROM `cms_menu` WHERE `status` <> -1 AND `type` = 1 ORDER BY listorder desc,menu_id desc  [ RunTime:0.0000s ]
NOTIC: [8] Undefined index: a E:\php\WWW\cms3.2\Application\Common\Common\function.php 第 45 行.
NOTIC: [8] Undefined index: a E:\php\WWW\cms3.2\Application\Common\Common\function.php 第 45 行.
NOTIC: [8] Undefined variable: webSiteMenu E:\php\WWW\cms3.2\Application\Runtime\Cache\Admin\ccc9ced3ad798311a07cb47b740981c5.php 第 147 行.
NOTIC: [8] Undefined variable: pageres E:\php\WWW\cms3.2\Application\Runtime\Cache\Admin\ccc9ced3ad798311a07cb47b740981c5.php 第 210 行.
NOTIC: [8] Undefined variable: positions E:\php\WWW\cms3.2\Application\Runtime\Cache\Admin\ccc9ced3ad798311a07cb47b740981c5.php 第 221 行.
INFO: Run Behavior\ParseTemplateBehavior [ RunTime:0.017500s ]
INFO: [ view_parse ] --END-- [ RunTime:0.017500s ]
INFO: [ view_filter ] --START--
INFO: Run Behavior\WriteHtmlCacheBehavior [ RunTime:0.000500s ]
INFO: [ view_filter ] --END-- [ RunTime:0.000500s ]
INFO: [ app_end ] --START--
INFO: Run Behavior\ShowPageTraceBehavior [ RunTime:0.001000s ]
INFO: [ app_end ] --END-- [ RunTime:0.001000s ]

[ 2018-07-16T16:15:57+08:00 ] 127.0.0.1 /admin.php?c=content&a=add
INFO: [ app_init ] --START--
INFO: Run Behavior\BuildLiteBehavior [ RunTime:0.000000s ]
INFO: [ app_init ] --END-- [ RunTime:0.001000s ]
INFO: [ app_begin ] --START--
INFO: Run Behavior\ReadHtmlCacheBehavior [ RunTime:0.001000s ]
INFO: [ app_begin ] --END-- [ RunTime:0.001000s ]
NOTIC: [2048] Declaration of Common\Model\MenuModel::find() should be compatible with Think\Model::find($options = Array) E:\php\WWW\cms3.2\Application\Common\Model\MenuModel.class.php 第 10 行.
SQL: SHOW COLUMNS FROM `cms_menu` [ RunTime:0.0035s ]
SQL: SELECT * FROM `cms_menu` WHERE `status` <> -1 AND `type` = 0 ORDER BY listorder desc,menu_id desc  [ RunTime:0.0000s ]
INFO: [ view_parse ] --START--
INFO: [ template_filter ] --START--
INFO: Run Behavior\ContentReplaceBehavior [ RunTime:0.000500s ]
INFO: [ template_filter ] --END-- [ RunTime:0.000500s ]
SQL: SELECT * FROM `cms_menu` WHERE `status` <> -1 AND `type` = 1 ORDER BY listorder desc,menu_id desc  [ RunTime:0.0005s ]
NOTIC: [8] Undefined index: a E:\php\WWW\cms3.2\Application\Common\Common\function.php 第 45 行.
NOTIC: [8] Undefined index: a E:\php\WWW\cms3.2\Application\Common\Common\function.php 第 45 行.
NOTIC: [8] Undefined variable: titleFontColor E:\php\WWW\cms3.2\Application\Runtime\Cache\Admin\e2744aea2724da3a85f9df759ede898a.php 第 173 行.
NOTIC: [8] Undefined variable: copyfrom E:\php\WWW\cms3.2\Application\Runtime\Cache\Admin\e2744aea2724da3a85f9df759ede898a.php 第 191 行.
INFO: Run Behavior\ParseTemplateBehavior [ RunTime:0.009500s ]
INFO: [ view_parse ] --END-- [ RunTime:0.009500s ]
INFO: [ view_filter ] --START--
INFO: Run Behavior\WriteHtmlCacheBehavior [ RunTime:0.000500s ]
INFO: [ view_filter ] --END-- [ RunTime:0.000500s ]
INFO: [ app_end ] --START--
INFO: Run Behavior\ShowPageTraceBehavior [ RunTime:0.000500s ]
INFO: [ app_end ] --END-- [ RunTime:0.000500s ]

[ 2018-07-16T16:16:09+08:00 ] 127.0.0.1 /admin.php?c=content&a=add
INFO: [ app_init ] --START--
INFO: Run Behavior\BuildLiteBehavior [ RunTime:0.000000s ]
INFO: [ app_init ] --END-- [ RunTime:0.000500s ]
INFO: [ app_begin ] --START--
INFO: Run Behavior\ReadHtmlCacheBehavior [ RunTime:0.001000s ]
INFO: [ app_begin ] --END-- [ RunTime:0.001000s ]
NOTIC: [2048] Declaration of Common\Model\MenuModel::find() should be compatible with Think\Model::find($options = Array) E:\php\WWW\cms3.2\Application\Common\Model\MenuModel.class.php 第 10 行.
SQL: SHOW COLUMNS FROM `cms_menu` [ RunTime:0.0035s ]
SQL: SELECT * FROM `cms_menu` WHERE `status` <> -1 AND `type` = 0 ORDER BY listorder desc,menu_id desc  [ RunTime:0.0005s ]
INFO: [ view_parse ] --START--
INFO: [ template_filter ] --START--
INFO: Run Behavior\ContentReplaceBehavior [ RunTime:0.000500s ]
INFO: [ template_filter ] --END-- [ RunTime:0.000500s ]
SQL: SELECT * FROM `cms_menu` WHERE `status` <> -1 AND `type` = 1 ORDER BY listorder desc,menu_id desc  [ RunTime:0.0000s ]
NOTIC: [8] Undefined index: a E:\php\WWW\cms3.2\Application\Common\Common\function.php 第 45 行.
NOTIC: [8] Undefined index: a E:\php\WWW\cms3.2\Application\Common\Common\function.php 第 45 行.
NOTIC: [8] Undefined variable: titleFontColor E:\php\WWW\cms3.2\Application\Runtime\Cache\Admin\e2744aea2724da3a85f9df759ede898a.php 第 173 行.
NOTIC: [8] Undefined variable: copyfrom E:\php\WWW\cms3.2\Application\Runtime\Cache\Admin\e2744aea2724da3a85f9df759ede898a.php 第 191 行.
INFO: Run Behavior\ParseTemplateBehavior [ RunTime:0.009000s ]
INFO: [ view_parse ] --END-- [ RunTime:0.009500s ]
INFO: [ view_filter ] --START--
INFO: Run Behavior\WriteHtmlCacheBehavior [ RunTime:0.000000s ]
INFO: [ view_filter ] --END-- [ RunTime:0.000000s ]
INFO: [ app_end ] --START--
INFO: Run Behavior\ShowPageTraceBehavior [ RunTime:0.000500s ]
INFO: [ app_end ] --END-- [ RunTime:0.000500s ]

[ 2018-07-16T16:16:11+08:00 ] 127.0.0.1 /admin.php?c=content&a=add
INFO: [ app_init ] --START--
INFO: Run Behavior\BuildLiteBehavior [ RunTime:0.000000s ]
INFO: [ app_init ] --END-- [ RunTime:0.000000s ]
INFO: [ app_begin ] --START--
INFO: Run Behavior\ReadHtmlCacheBehavior [ RunTime:0.000500s ]
INFO: [ app_begin ] --END-- [ RunTime:0.000500s ]

[ 2018-07-16T16:16:14+08:00 ] 127.0.0.1 /admin.php?c=content&a=add
INFO: [ app_init ] --START--
INFO: Run Behavior\BuildLiteBehavior [ RunTime:0.000000s ]
INFO: [ app_init ] --END-- [ RunTime:0.000500s ]
INFO: [ app_begin ] --START--
INFO: Run Behavior\ReadHtmlCacheBehavior [ RunTime:0.001000s ]
INFO: [ app_begin ] --END-- [ RunTime:0.001000s ]

[ 2018-07-16T16:22:55+08:00 ] 127.0.0.1 /admin.php?c=content
INFO: [ app_init ] --START--
INFO: Run Behavior\BuildLiteBehavior [ RunTime:0.000000s ]
INFO: [ app_init ] --END-- [ RunTime:0.000500s ]
INFO: [ app_begin ] --START--
INFO: Run Behavior\ReadHtmlCacheBehavior [ RunTime:0.000500s ]
INFO: [ app_begin ] --END-- [ RunTime:0.001000s ]
NOTIC: [8] Undefined index: p E:\php\WWW\cms3.2\Application\Admin\Controller\ContentController.class.php 第 14 行.
NOTIC: [8] Undefined index: pageSize E:\php\WWW\cms3.2\Application\Admin\Controller\ContentController.class.php 第 15 行.
SQL: SHOW COLUMNS FROM `cms_news` [ RunTime:0.0045s ]
NOTIC: [8] Undefined variable: data E:\php\WWW\cms3.2\Application\Admin\Controller\ContentController.class.php 第 16 行.
SQL: SELECT * FROM `cms_news` WHERE `status` <> -1 ORDER BY news_id desc  [ RunTime:0.0005s ]
NOTIC: [8] Undefined variable: data E:\php\WWW\cms3.2\Application\Admin\Controller\ContentController.class.php 第 17 行.
SQL: SELECT COUNT(*) AS tp_count FROM `cms_news` WHERE `status` <> -1 LIMIT 1   [ RunTime:0.0005s ]
NOTIC: [8] Undefined variable: sing_path E:\php\WWW\cms3.2\ThinkPHP\Common\functions.php 第 991 行.
INFO: [ view_parse ] --START--
INFO: [ template_filter ] --START--
INFO: Run Behavior\ContentReplaceBehavior [ RunTime:0.000000s ]
INFO: [ template_filter ] --END-- [ RunTime:0.000500s ]
NOTIC: [2048] Declaration of Common\Model\MenuModel::find() should be compatible with Think\Model::find($options = Array) E:\php\WWW\cms3.2\Application\Common\Model\MenuModel.class.php 第 109 行.
SQL: SHOW COLUMNS FROM `cms_menu` [ RunTime:0.0040s ]
SQL: SELECT * FROM `cms_menu` WHERE `status` <> -1 AND `type` = 1 ORDER BY listorder desc,menu_id desc  [ RunTime:0.0005s ]
NOTIC: [8] Undefined index: a E:\php\WWW\cms3.2\Application\Common\Common\function.php 第 45 行.
NOTIC: [8] Undefined index: a E:\php\WWW\cms3.2\Application\Common\Common\function.php 第 45 行.
NOTIC: [8] Undefined variable: webSiteMenu E:\php\WWW\cms3.2\Application\Runtime\Cache\Admin\ccc9ced3ad798311a07cb47b740981c5.php 第 147 行.
NOTIC: [8] Undefined variable: pageres E:\php\WWW\cms3.2\Application\Runtime\Cache\Admin\ccc9ced3ad798311a07cb47b740981c5.php 第 210 行.
NOTIC: [8] Undefined variable: positions E:\php\WWW\cms3.2\Application\Runtime\Cache\Admin\ccc9ced3ad798311a07cb47b740981c5.php 第 221 行.
INFO: Run Behavior\ParseTemplateBehavior [ RunTime:0.023000s ]
INFO: [ view_parse ] --END-- [ RunTime:0.023000s ]
INFO: [ view_filter ] --START--
INFO: Run Behavior\WriteHtmlCacheBehavior [ RunTime:0.000500s ]
INFO: [ view_filter ] --END-- [ RunTime:0.000500s ]
INFO: [ app_end ] --START--
INFO: Run Behavior\ShowPageTraceBehavior [ RunTime:0.001000s ]
INFO: [ app_end ] --END-- [ RunTime:0.001000s ]

[ 2018-07-16T16:24:27+08:00 ] 127.0.0.1 /admin.php?c=menu
INFO: [ app_init ] --START--
INFO: Run Behavior\BuildLiteBehavior [ RunTime:0.000000s ]
INFO: [ app_init ] --END-- [ RunTime:0.000500s ]
INFO: [ app_begin ] --START--
INFO: Run Behavior\ReadHtmlCacheBehavior [ RunTime:0.001000s ]
INFO: [ app_begin ] --END-- [ RunTime:0.001000s ]
NOTIC: [8] Undefined index: p E:\php\WWW\cms3.2\Application\Admin\Controller\MenuController.class.php 第 18 行.
NOTIC: [8] Undefined index: pageSize E:\php\WWW\cms3.2\Application\Admin\Controller\MenuController.class.php 第 19 行.
NOTIC: [2048] Declaration of Common\Model\MenuModel::find() should be compatible with Think\Model::find($options = Array) E:\php\WWW\cms3.2\Application\Common\Model\MenuModel.class.php 第 10 行.
SQL: SHOW COLUMNS FROM `cms_menu` [ RunTime:0.0045s ]
SQL: SELECT * FROM `cms_menu` WHERE `status` <> -1 ORDER BY listorder desc,menu_id desc LIMIT 0,3   [ RunTime:0.0005s ]
SQL: SELECT COUNT(*) AS tp_count FROM `cms_menu` WHERE `status` <> -1 LIMIT 1   [ RunTime:0.0005s ]
NOTIC: [8] Undefined variable: sing_path E:\php\WWW\cms3.2\ThinkPHP\Common\functions.php 第 991 行.
INFO: [ view_parse ] --START--
INFO: [ template_filter ] --START--
INFO: Run Behavior\ContentReplaceBehavior [ RunTime:0.000500s ]
INFO: [ template_filter ] --END-- [ RunTime:0.000500s ]
SQL: SELECT * FROM `cms_menu` WHERE `status` <> -1 AND `type` = 1 ORDER BY listorder desc,menu_id desc  [ RunTime:0.0005s ]
NOTIC: [8] Undefined index: a E:\php\WWW\cms3.2\Application\Common\Common\function.php 第 45 行.
NOTIC: [8] Undefined index: a E:\php\WWW\cms3.2\Application\Common\Common\function.php 第 45 行.
NOTIC: [8] Array to string conversion E:\php\WWW\cms3.2\Application\Runtime\Cache\Admin\b956215329b6f9aca22277599a4efdfc.php 第 134 行.
INFO: Run Behavior\ParseTemplateBehavior [ RunTime:0.012000s ]
INFO: [ view_parse ] --END-- [ RunTime:0.012000s ]
INFO: [ view_filter ] --START--
INFO: Run Behavior\WriteHtmlCacheBehavior [ RunTime:0.000500s ]
INFO: [ view_filter ] --END-- [ RunTime:0.000500s ]
INFO: [ app_end ] --START--
INFO: Run Behavior\ShowPageTraceBehavior [ RunTime:0.001000s ]
INFO: [ app_end ] --END-- [ RunTime:0.001000s ]

[ 2018-07-16T16:24:28+08:00 ] 127.0.0.1 /admin.php?c=content
INFO: [ app_init ] --START--
INFO: Run Behavior\BuildLiteBehavior [ RunTime:0.000000s ]
INFO: [ app_init ] --END-- [ RunTime:0.000500s ]
INFO: [ app_begin ] --START--
INFO: Run Behavior\ReadHtmlCacheBehavior [ RunTime:0.000500s ]
INFO: [ app_begin ] --END-- [ RunTime:0.001000s ]
NOTIC: [8] Undefined index: p E:\php\WWW\cms3.2\Application\Admin\Controller\ContentController.class.php 第 14 行.
NOTIC: [8] Undefined index: pageSize E:\php\WWW\cms3.2\Application\Admin\Controller\ContentController.class.php 第 15 行.
SQL: SHOW COLUMNS FROM `cms_news` [ RunTime:0.0040s ]
NOTIC: [8] Undefined variable: data E:\php\WWW\cms3.2\Application\Admin\Controller\ContentController.class.php 第 16 行.
SQL: SELECT * FROM `cms_news` WHERE `status` <> -1 ORDER BY news_id desc  [ RunTime:0.0005s ]
NOTIC: [8] Undefined variable: data E:\php\WWW\cms3.2\Application\Admin\Controller\ContentController.class.php 第 17 行.
SQL: SELECT COUNT(*) AS tp_count FROM `cms_news` WHERE `status` <> -1 LIMIT 1   [ RunTime:0.0000s ]
NOTIC: [8] Undefined variable: sing_path E:\php\WWW\cms3.2\ThinkPHP\Common\functions.php 第 991 行.
INFO: [ view_parse ] --START--
INFO: [ template_filter ] --START--
INFO: Run Behavior\ContentReplaceBehavior [ RunTime:0.000000s ]
INFO: [ template_filter ] --END-- [ RunTime:0.000000s ]
NOTIC: [2048] Declaration of Common\Model\MenuModel::find() should be compatible with Think\Model::find($options = Array) E:\php\WWW\cms3.2\Application\Common\Model\MenuModel.class.php 第 109 行.
SQL: SHOW COLUMNS FROM `cms_menu` [ RunTime:0.0035s ]
SQL: SELECT * FROM `cms_menu` WHERE `status` <> -1 AND `type` = 1 ORDER BY listorder desc,menu_id desc  [ RunTime:0.0000s ]
NOTIC: [8] Undefined index: a E:\php\WWW\cms3.2\Application\Common\Common\function.php 第 45 行.
NOTIC: [8] Undefined index: a E:\php\WWW\cms3.2\Application\Common\Common\function.php 第 45 行.
NOTIC: [8] Undefined variable: webSiteMenu E:\php\WWW\cms3.2\Application\Runtime\Cache\Admin\ccc9ced3ad798311a07cb47b740981c5.php 第 147 行.
NOTIC: [8] Undefined variable: pageres E:\php\WWW\cms3.2\Application\Runtime\Cache\Admin\ccc9ced3ad798311a07cb47b740981c5.php 第 210 行.
NOTIC: [8] Undefined variable: positions E:\php\WWW\cms3.2\Application\Runtime\Cache\Admin\ccc9ced3ad798311a07cb47b740981c5.php 第 221 行.
INFO: Run Behavior\ParseTemplateBehavior [ RunTime:0.015000s ]
INFO: [ view_parse ] --END-- [ RunTime:0.015000s ]
INFO: [ view_filter ] --START--
INFO: Run Behavior\WriteHtmlCacheBehavior [ RunTime:0.000000s ]
INFO: [ view_filter ] --END-- [ RunTime:0.000000s ]
INFO: [ app_end ] --START--
INFO: Run Behavior\ShowPageTraceBehavior [ RunTime:0.000500s ]
INFO: [ app_end ] --END-- [ RunTime:0.000500s ]

[ 2018-07-16T16:24:29+08:00 ] 127.0.0.1 /admin.php?c=menu
INFO: [ app_init ] --START--
INFO: Run Behavior\BuildLiteBehavior [ RunTime:0.000000s ]
INFO: [ app_init ] --END-- [ RunTime:0.001500s ]
INFO: [ app_begin ] --START--
INFO: Run Behavior\ReadHtmlCacheBehavior [ RunTime:0.000500s ]
INFO: [ app_begin ] --END-- [ RunTime:0.000500s ]
NOTIC: [8] Undefined index: p E:\php\WWW\cms3.2\Application\Admin\Controller\MenuController.class.php 第 18 行.
NOTIC: [8] Undefined index: pageSize E:\php\WWW\cms3.2\Application\Admin\Controller\MenuController.class.php 第 19 行.
NOTIC: [2048] Declaration of Common\Model\MenuModel::find() should be compatible with Think\Model::find($options = Array) E:\php\WWW\cms3.2\Application\Common\Model\MenuModel.class.php 第 10 行.
SQL: SHOW COLUMNS FROM `cms_menu` [ RunTime:0.0040s ]
SQL: SELECT * FROM `cms_menu` WHERE `status` <> -1 ORDER BY listorder desc,menu_id desc LIMIT 0,3   [ RunTime:0.0000s ]
SQL: SELECT COUNT(*) AS tp_count FROM `cms_menu` WHERE `status` <> -1 LIMIT 1   [ RunTime:0.0000s ]
NOTIC: [8] Undefined variable: sing_path E:\php\WWW\cms3.2\ThinkPHP\Common\functions.php 第 991 行.
INFO: [ view_parse ] --START--
INFO: [ template_filter ] --START--
INFO: Run Behavior\ContentReplaceBehavior [ RunTime:0.000000s ]
INFO: [ template_filter ] --END-- [ RunTime:0.000000s ]
SQL: SELECT * FROM `cms_menu` WHERE `status` <> -1 AND `type` = 1 ORDER BY listorder desc,menu_id desc  [ RunTime:0.0005s ]
NOTIC: [8] Undefined index: a E:\php\WWW\cms3.2\Application\Common\Common\function.php 第 45 行.
NOTIC: [8] Undefined index: a E:\php\WWW\cms3.2\Application\Common\Common\function.php 第 45 行.
NOTIC: [8] Array to string conversion E:\php\WWW\cms3.2\Application\Runtime\Cache\Admin\b956215329b6f9aca22277599a4efdfc.php 第 134 行.
INFO: Run Behavior\ParseTemplateBehavior [ RunTime:0.010500s ]
INFO: [ view_parse ] --END-- [ RunTime:0.010500s ]
INFO: [ view_filter ] --START--
INFO: Run Behavior\WriteHtmlCacheBehavior [ RunTime:0.000500s ]
INFO: [ view_filter ] --END-- [ RunTime:0.000500s ]
INFO: [ app_end ] --START--
INFO: Run Behavior\ShowPageTraceBehavior [ RunTime:0.000500s ]
INFO: [ app_end ] --END-- [ RunTime:0.001000s ]

[ 2018-07-16T16:24:33+08:00 ] 127.0.0.1 /admin.php?c=content
INFO: [ app_init ] --START--
INFO: Run Behavior\BuildLiteBehavior [ RunTime:0.000000s ]
INFO: [ app_init ] --END-- [ RunTime:0.000500s ]
INFO: [ app_begin ] --START--
INFO: Run Behavior\ReadHtmlCacheBehavior [ RunTime:0.000000s ]
INFO: [ app_begin ] --END-- [ RunTime:0.000500s ]
NOTIC: [8] Undefined index: p E:\php\WWW\cms3.2\Application\Admin\Controller\ContentController.class.php 第 14 行.
NOTIC: [8] Undefined index: pageSize E:\php\WWW\cms3.2\Application\Admin\Controller\ContentController.class.php 第 15 行.
SQL: SHOW COLUMNS FROM `cms_news` [ RunTime:0.0035s ]
NOTIC: [8] Undefined variable: data E:\php\WWW\cms3.2\Application\Admin\Controller\ContentController.class.php 第 16 行.
SQL: SELECT * FROM `cms_news` WHERE `status` <> -1 ORDER BY news_id desc  [ RunTime:0.0005s ]
NOTIC: [8] Undefined variable: data E:\php\WWW\cms3.2\Application\Admin\Controller\ContentController.class.php 第 17 行.
SQL: SELECT COUNT(*) AS tp_count FROM `cms_news` WHERE `status` <> -1 LIMIT 1   [ RunTime:0.0005s ]
NOTIC: [8] Undefined variable: sing_path E:\php\WWW\cms3.2\ThinkPHP\Common\functions.php 第 991 行.
INFO: [ view_parse ] --START--
INFO: [ template_filter ] --START--
INFO: Run Behavior\ContentReplaceBehavior [ RunTime:0.000000s ]
INFO: [ template_filter ] --END-- [ RunTime:0.000000s ]
NOTIC: [2048] Declaration of Common\Model\MenuModel::find() should be compatible with Think\Model::find($options = Array) E:\php\WWW\cms3.2\Application\Common\Model\MenuModel.class.php 第 109 行.
SQL: SHOW COLUMNS FROM `cms_menu` [ RunTime:0.0035s ]
SQL: SELECT * FROM `cms_menu` WHERE `status` <> -1 AND `type` = 1 ORDER BY listorder desc,menu_id desc  [ RunTime:0.0005s ]
NOTIC: [8] Undefined index: a E:\php\WWW\cms3.2\Application\Common\Common\function.php 第 45 行.
NOTIC: [8] Undefined index: a E:\php\WWW\cms3.2\Application\Common\Common\function.php 第 45 行.
NOTIC: [8] Undefined variable: webSiteMenu E:\php\WWW\cms3.2\Application\Runtime\Cache\Admin\ccc9ced3ad798311a07cb47b740981c5.php 第 147 行.
NOTIC: [8] Undefined variable: pageres E:\php\WWW\cms3.2\Application\Runtime\Cache\Admin\ccc9ced3ad798311a07cb47b740981c5.php 第 210 行.
NOTIC: [8] Undefined variable: positions E:\php\WWW\cms3.2\Application\Runtime\Cache\Admin\ccc9ced3ad798311a07cb47b740981c5.php 第 221 行.
INFO: Run Behavior\ParseTemplateBehavior [ RunTime:0.013000s ]
INFO: [ view_parse ] --END-- [ RunTime:0.013000s ]
INFO: [ view_filter ] --START--
INFO: Run Behavior\WriteHtmlCacheBehavior [ RunTime:0.000500s ]
INFO: [ view_filter ] --END-- [ RunTime:0.000500s ]
INFO: [ app_end ] --START--
INFO: Run Behavior\ShowPageTraceBehavior [ RunTime:0.001000s ]
INFO: [ app_end ] --END-- [ RunTime:0.001000s ]

[ 2018-07-16T16:24:34+08:00 ] 127.0.0.1 /admin.php?c=menu
INFO: [ app_init ] --START--
INFO: Run Behavior\BuildLiteBehavior [ RunTime:0.000000s ]
INFO: [ app_init ] --END-- [ RunTime:0.001000s ]
INFO: [ app_begin ] --START--
INFO: Run Behavior\ReadHtmlCacheBehavior [ RunTime:0.001000s ]
INFO: [ app_begin ] --END-- [ RunTime:0.001000s ]
NOTIC: [8] Undefined index: p E:\php\WWW\cms3.2\Application\Admin\Controller\MenuController.class.php 第 18 行.
NOTIC: [8] Undefined index: pageSize E:\php\WWW\cms3.2\Application\Admin\Controller\MenuController.class.php 第 19 行.
NOTIC: [2048] Declaration of Common\Model\MenuModel::find() should be compatible with Think\Model::find($options = Array) E:\php\WWW\cms3.2\Application\Common\Model\MenuModel.class.php 第 10 行.
SQL: SHOW COLUMNS FROM `cms_menu` [ RunTime:0.0035s ]
SQL: SELECT * FROM `cms_menu` WHERE `status` <> -1 ORDER BY listorder desc,menu_id desc LIMIT 0,3   [ RunTime:0.0005s ]
SQL: SELECT COUNT(*) AS tp_count FROM `cms_menu` WHERE `status` <> -1 LIMIT 1   [ RunTime:0.0005s ]
NOTIC: [8] Undefined variable: sing_path E:\php\WWW\cms3.2\ThinkPHP\Common\functions.php 第 991 行.
INFO: [ view_parse ] --START--
INFO: [ template_filter ] --START--
INFO: Run Behavior\ContentReplaceBehavior [ RunTime:0.000000s ]
INFO: [ template_filter ] --END-- [ RunTime:0.000000s ]
SQL: SELECT * FROM `cms_menu` WHERE `status` <> -1 AND `type` = 1 ORDER BY listorder desc,menu_id desc  [ RunTime:0.0005s ]
NOTIC: [8] Undefined index: a E:\php\WWW\cms3.2\Application\Common\Common\function.php 第 45 行.
NOTIC: [8] Undefined index: a E:\php\WWW\cms3.2\Application\Common\Common\function.php 第 45 行.
NOTIC: [8] Array to string conversion E:\php\WWW\cms3.2\Application\Runtime\Cache\Admin\b956215329b6f9aca22277599a4efdfc.php 第 134 行.
INFO: Run Behavior\ParseTemplateBehavior [ RunTime:0.008000s ]
INFO: [ view_parse ] --END-- [ RunTime:0.008000s ]
INFO: [ view_filter ] --START--
INFO: Run Behavior\WriteHtmlCacheBehavior [ RunTime:0.000500s ]
INFO: [ view_filter ] --END-- [ RunTime:0.000500s ]
INFO: [ app_end ] --START--
INFO: Run Behavior\ShowPageTraceBehavior [ RunTime:0.000500s ]
INFO: [ app_end ] --END-- [ RunTime:0.000500s ]

[ 2018-07-16T17:09:37+08:00 ] 127.0.0.1 /admin.php?c=content
INFO: [ app_init ] --START--
INFO: Run Behavior\BuildLiteBehavior [ RunTime:0.000000s ]
INFO: [ app_init ] --END-- [ RunTime:0.000500s ]
INFO: [ app_begin ] --START--
INFO: Run Behavior\ReadHtmlCacheBehavior [ RunTime:0.000500s ]
INFO: [ app_begin ] --END-- [ RunTime:0.000500s ]
NOTIC: [8] Undefined index: p E:\php\WWW\cms3.2\Application\Admin\Controller\ContentController.class.php 第 14 行.
NOTIC: [8] Undefined index: pageSize E:\php\WWW\cms3.2\Application\Admin\Controller\ContentController.class.php 第 15 行.
SQL: SHOW COLUMNS FROM `cms_news` [ RunTime:0.0045s ]
NOTIC: [8] Undefined variable: data E:\php\WWW\cms3.2\Application\Admin\Controller\ContentController.class.php 第 16 行.
SQL: SELECT * FROM `cms_news` WHERE `status` <> -1 ORDER BY news_id desc  [ RunTime:0.0005s ]
NOTIC: [8] Undefined variable: data E:\php\WWW\cms3.2\Application\Admin\Controller\ContentController.class.php 第 17 行.
SQL: SELECT COUNT(*) AS tp_count FROM `cms_news` WHERE `status` <> -1 LIMIT 1   [ RunTime:0.0005s ]
NOTIC: [8] Undefined variable: sing_path E:\php\WWW\cms3.2\ThinkPHP\Common\functions.php 第 991 行.
INFO: [ view_parse ] --START--
INFO: [ template_filter ] --START--
INFO: Run Behavior\ContentReplaceBehavior [ RunTime:0.000000s ]
INFO: [ template_filter ] --END-- [ RunTime:0.000000s ]
NOTIC: [2048] Declaration of Common\Model\MenuModel::find() should be compatible with Think\Model::find($options = Array) E:\php\WWW\cms3.2\Application\Common\Model\MenuModel.class.php 第 109 行.
SQL: SHOW COLUMNS FROM `cms_menu` [ RunTime:0.0040s ]
SQL: SELECT * FROM `cms_menu` WHERE `status` <> -1 AND `type` = 1 ORDER BY listorder desc,menu_id desc  [ RunTime:0.0005s ]
NOTIC: [8] Undefined index: a E:\php\WWW\cms3.2\Application\Common\Common\function.php 第 45 行.
NOTIC: [8] Undefined index: a E:\php\WWW\cms3.2\Application\Common\Common\function.php 第 45 行.
NOTIC: [8] Undefined variable: webSiteMenu E:\php\WWW\cms3.2\Application\Runtime\Cache\Admin\ccc9ced3ad798311a07cb47b740981c5.php 第 147 行.
NOTIC: [8] Undefined variable: pageres E:\php\WWW\cms3.2\Application\Runtime\Cache\Admin\ccc9ced3ad798311a07cb47b740981c5.php 第 210 行.
NOTIC: [8] Undefined variable: positions E:\php\WWW\cms3.2\Application\Runtime\Cache\Admin\ccc9ced3ad798311a07cb47b740981c5.php 第 221 行.
INFO: Run Behavior\ParseTemplateBehavior [ RunTime:0.023500s ]
INFO: [ view_parse ] --END-- [ RunTime:0.023500s ]
INFO: [ view_filter ] --START--
INFO: Run Behavior\WriteHtmlCacheBehavior [ RunTime:0.000500s ]
INFO: [ view_filter ] --END-- [ RunTime:0.000500s ]
INFO: [ app_end ] --START--
INFO: Run Behavior\ShowPageTraceBehavior [ RunTime:0.000500s ]
INFO: [ app_end ] --END-- [ RunTime:0.001000s ]

