[ 2018-07-09T09:23:22+08:00 ] 127.0.0.1 /admin.php?c=menu
INFO: [ app_init ] --START--
INFO: Run Behavior\BuildLiteBehavior [ RunTime:0.000000s ]
INFO: [ app_init ] --END-- [ RunTime:0.002000s ]
INFO: [ app_begin ] --START--
INFO: Run Behavior\ReadHtmlCacheBehavior [ RunTime:0.000500s ]
INFO: [ app_begin ] --END-- [ RunTime:0.000500s ]
NOTIC: [8] Undefined variable: module E:\php\WWW\cms3.2\ThinkPHP\Common\functions.php 第 990 行.
NOTIC: [8] Undefined variable: var E:\php\WWW\cms3.2\ThinkPHP\Common\functions.php 第 990 行.
NOTIC: [2] array_reverse() expects parameter 1 to be array, null given E:\php\WWW\cms3.2\ThinkPHP\Common\functions.php 第 990 行.
NOTIC: [2] http_build_query(): Parameter 1 expected to be Array or Object.  Incorrect value given E:\php\WWW\cms3.2\ThinkPHP\Common\functions.php 第 990 行.

[ 2018-07-09T09:23:22+08:00 ] 127.0.0.1 /admin.php?m=&&c=login
INFO: [ app_init ] --START--
INFO: Run Behavior\BuildLiteBehavior [ RunTime:0.000000s ]
INFO: [ app_init ] --END-- [ RunTime:0.000500s ]
INFO: [ app_begin ] --START--
INFO: Run Behavior\ReadHtmlCacheBehavior [ RunTime:0.000500s ]
INFO: [ app_begin ] --END-- [ RunTime:0.000500s ]
INFO: [ view_parse ] --START--
INFO: [ template_filter ] --START--
INFO: Run Behavior\ContentReplaceBehavior [ RunTime:0.000000s ]
INFO: [ template_filter ] --END-- [ RunTime:0.000000s ]
INFO: Run Behavior\ParseTemplateBehavior [ RunTime:0.015000s ]
INFO: [ view_parse ] --END-- [ RunTime:0.015000s ]
INFO: [ view_filter ] --START--
INFO: Run Behavior\WriteHtmlCacheBehavior [ RunTime:0.010000s ]
INFO: [ view_filter ] --END-- [ RunTime:0.010000s ]
INFO: [ app_end ] --START--
INFO: Run Behavior\ShowPageTraceBehavior [ RunTime:0.001000s ]
INFO: [ app_end ] --END-- [ RunTime:0.001000s ]

[ 2018-07-09T09:24:03+08:00 ] 127.0.0.1 /admin.php?c=Menu
INFO: [ app_init ] --START--
INFO: Run Behavior\BuildLiteBehavior [ RunTime:0.000000s ]
INFO: [ app_init ] --END-- [ RunTime:0.001000s ]
INFO: [ app_begin ] --START--
INFO: Run Behavior\ReadHtmlCacheBehavior [ RunTime:0.001000s ]
INFO: [ app_begin ] --END-- [ RunTime:0.001000s ]
NOTIC: [8] Undefined variable: module E:\php\WWW\cms3.2\ThinkPHP\Common\functions.php 第 990 行.
NOTIC: [8] Undefined variable: var E:\php\WWW\cms3.2\ThinkPHP\Common\functions.php 第 990 行.
NOTIC: [2] array_reverse() expects parameter 1 to be array, null given E:\php\WWW\cms3.2\ThinkPHP\Common\functions.php 第 990 行.
NOTIC: [2] http_build_query(): Parameter 1 expected to be Array or Object.  Incorrect value given E:\php\WWW\cms3.2\ThinkPHP\Common\functions.php 第 990 行.

[ 2018-07-09T09:24:03+08:00 ] 127.0.0.1 /admin.php?m=&&c=login
INFO: [ app_init ] --START--
INFO: Run Behavior\BuildLiteBehavior [ RunTime:0.000000s ]
INFO: [ app_init ] --END-- [ RunTime:0.000500s ]
INFO: [ app_begin ] --START--
INFO: Run Behavior\ReadHtmlCacheBehavior [ RunTime:0.001000s ]
INFO: [ app_begin ] --END-- [ RunTime:0.001000s ]
INFO: [ view_parse ] --START--
INFO: [ template_filter ] --START--
INFO: Run Behavior\ContentReplaceBehavior [ RunTime:0.000000s ]
INFO: [ template_filter ] --END-- [ RunTime:0.000000s ]
INFO: Run Behavior\ParseTemplateBehavior [ RunTime:0.006000s ]
INFO: [ view_parse ] --END-- [ RunTime:0.006000s ]
INFO: [ view_filter ] --START--
INFO: Run Behavior\WriteHtmlCacheBehavior [ RunTime:0.000500s ]
INFO: [ view_filter ] --END-- [ RunTime:0.000500s ]
INFO: [ app_end ] --START--
INFO: Run Behavior\ShowPageTraceBehavior [ RunTime:0.000500s ]
INFO: [ app_end ] --END-- [ RunTime:0.000500s ]

[ 2018-07-09T11:30:14+08:00 ] 127.0.0.1 /admin.php?c=Login&a=check
INFO: [ app_init ] --START--
INFO: Run Behavior\BuildLiteBehavior [ RunTime:0.000000s ]
INFO: [ app_init ] --END-- [ RunTime:0.000500s ]
INFO: [ app_begin ] --START--
INFO: Run Behavior\ReadHtmlCacheBehavior [ RunTime:0.000500s ]
INFO: [ app_begin ] --END-- [ RunTime:0.000500s ]
SQL: SHOW COLUMNS FROM `cms_admin` [ RunTime:0.3145s ]
SQL: SELECT * FROM `cms_admin` WHERE ( username="admin" ) LIMIT 1   [ RunTime:0.0010s ]

[ 2018-07-09T11:30:15+08:00 ] 127.0.0.1 /admin.php?c=index
INFO: [ app_init ] --START--
INFO: Run Behavior\BuildLiteBehavior [ RunTime:0.000000s ]
INFO: [ app_init ] --END-- [ RunTime:0.000500s ]
INFO: [ app_begin ] --START--
INFO: Run Behavior\ReadHtmlCacheBehavior [ RunTime:0.000500s ]
INFO: [ app_begin ] --END-- [ RunTime:0.000500s ]
INFO: [ view_parse ] --START--
INFO: [ template_filter ] --START--
INFO: Run Behavior\ContentReplaceBehavior [ RunTime:0.000000s ]
INFO: [ template_filter ] --END-- [ RunTime:0.000000s ]
INFO: Run Behavior\ParseTemplateBehavior [ RunTime:0.152500s ]
INFO: [ view_parse ] --END-- [ RunTime:0.152500s ]
INFO: [ view_filter ] --START--
INFO: Run Behavior\WriteHtmlCacheBehavior [ RunTime:0.000500s ]
INFO: [ view_filter ] --END-- [ RunTime:0.000500s ]
INFO: [ app_end ] --START--
INFO: Run Behavior\ShowPageTraceBehavior [ RunTime:0.001000s ]
INFO: [ app_end ] --END-- [ RunTime:0.001000s ]

[ 2018-07-09T11:49:03+08:00 ] 127.0.0.1 /admin.php?c=menu
INFO: [ app_init ] --START--
INFO: Run Behavior\BuildLiteBehavior [ RunTime:0.000000s ]
INFO: [ app_init ] --END-- [ RunTime:0.001000s ]
INFO: [ app_begin ] --START--
INFO: Run Behavior\ReadHtmlCacheBehavior [ RunTime:0.001500s ]
INFO: [ app_begin ] --END-- [ RunTime:0.001500s ]
INFO: [ view_parse ] --START--
INFO: [ template_filter ] --START--
INFO: Run Behavior\ContentReplaceBehavior [ RunTime:0.000000s ]
INFO: [ template_filter ] --END-- [ RunTime:0.000000s ]
NOTIC: [8] Undefined variable: nav E:\php\WWW\cms3.2\Application\Runtime\Cache\Admin\b956215329b6f9aca22277599a4efdfc.php 第 149 行.
NOTIC: [8] Undefined variable: type E:\php\WWW\cms3.2\Application\Runtime\Cache\Admin\b956215329b6f9aca22277599a4efdfc.php 第 163 行.
NOTIC: [8] Undefined variable: type E:\php\WWW\cms3.2\Application\Runtime\Cache\Admin\b956215329b6f9aca22277599a4efdfc.php 第 164 行.
NOTIC: [8] Undefined variable: menus E:\php\WWW\cms3.2\Application\Runtime\Cache\Admin\b956215329b6f9aca22277599a4efdfc.php 第 197 行.
NOTIC: [8] Undefined variable: pageRes E:\php\WWW\cms3.2\Application\Runtime\Cache\Admin\b956215329b6f9aca22277599a4efdfc.php 第 212 行.
INFO: Run Behavior\ParseTemplateBehavior [ RunTime:0.031000s ]
INFO: [ view_parse ] --END-- [ RunTime:0.031000s ]
INFO: [ view_filter ] --START--
INFO: Run Behavior\WriteHtmlCacheBehavior [ RunTime:0.000500s ]
INFO: [ view_filter ] --END-- [ RunTime:0.000500s ]
INFO: [ app_end ] --START--
INFO: Run Behavior\ShowPageTraceBehavior [ RunTime:0.001000s ]
INFO: [ app_end ] --END-- [ RunTime:0.001000s ]

[ 2018-07-09T11:49:04+08:00 ] 127.0.0.1 /admin.php?c=menu&a=add
INFO: [ app_init ] --START--
INFO: Run Behavior\BuildLiteBehavior [ RunTime:0.000000s ]
INFO: [ app_init ] --END-- [ RunTime:0.000500s ]
INFO: [ app_begin ] --START--
INFO: Run Behavior\ReadHtmlCacheBehavior [ RunTime:0.000500s ]
INFO: [ app_begin ] --END-- [ RunTime:0.000500s ]
INFO: [ view_parse ] --START--
INFO: [ template_filter ] --START--
INFO: Run Behavior\ContentReplaceBehavior [ RunTime:0.000000s ]
INFO: [ template_filter ] --END-- [ RunTime:0.000000s ]
NOTIC: [8] Undefined variable: menus E:\php\WWW\cms3.2\Application\Runtime\Cache\Admin\31553d7bb41170a30982ff9dddd5d67e.php 第 171 行.
INFO: Run Behavior\ParseTemplateBehavior [ RunTime:0.006500s ]
INFO: [ view_parse ] --END-- [ RunTime:0.006500s ]
INFO: [ view_filter ] --START--
INFO: Run Behavior\WriteHtmlCacheBehavior [ RunTime:0.000500s ]
INFO: [ view_filter ] --END-- [ RunTime:0.000500s ]
INFO: [ app_end ] --START--
INFO: Run Behavior\ShowPageTraceBehavior [ RunTime:0.000500s ]
INFO: [ app_end ] --END-- [ RunTime:0.000500s ]

[ 2018-07-09T13:38:00+08:00 ] 127.0.0.1 /admin.php?c=menu&a=add
INFO: [ app_init ] --START--
INFO: Run Behavior\BuildLiteBehavior [ RunTime:0.000000s ]
INFO: [ app_init ] --END-- [ RunTime:0.001500s ]
INFO: [ app_begin ] --START--
INFO: Run Behavior\ReadHtmlCacheBehavior [ RunTime:0.001000s ]
INFO: [ app_begin ] --END-- [ RunTime:0.001000s ]

[ 2018-07-09T13:45:02+08:00 ] 127.0.0.1 /admin.php?c=menu
INFO: [ app_init ] --START--
INFO: Run Behavior\BuildLiteBehavior [ RunTime:0.000000s ]
INFO: [ app_init ] --END-- [ RunTime:0.000500s ]
INFO: [ app_begin ] --START--
INFO: Run Behavior\ReadHtmlCacheBehavior [ RunTime:0.001000s ]
INFO: [ app_begin ] --END-- [ RunTime:0.001500s ]
INFO: [ view_parse ] --START--
INFO: [ template_filter ] --START--
INFO: Run Behavior\ContentReplaceBehavior [ RunTime:0.000000s ]
INFO: [ template_filter ] --END-- [ RunTime:0.000000s ]
NOTIC: [8] Undefined variable: nav E:\php\WWW\cms3.2\Application\Runtime\Cache\Admin\b956215329b6f9aca22277599a4efdfc.php 第 149 行.
NOTIC: [8] Undefined variable: type E:\php\WWW\cms3.2\Application\Runtime\Cache\Admin\b956215329b6f9aca22277599a4efdfc.php 第 163 行.
NOTIC: [8] Undefined variable: type E:\php\WWW\cms3.2\Application\Runtime\Cache\Admin\b956215329b6f9aca22277599a4efdfc.php 第 164 行.
NOTIC: [8] Undefined variable: menus E:\php\WWW\cms3.2\Application\Runtime\Cache\Admin\b956215329b6f9aca22277599a4efdfc.php 第 197 行.
NOTIC: [8] Undefined variable: pageRes E:\php\WWW\cms3.2\Application\Runtime\Cache\Admin\b956215329b6f9aca22277599a4efdfc.php 第 212 行.
INFO: Run Behavior\ParseTemplateBehavior [ RunTime:0.010000s ]
INFO: [ view_parse ] --END-- [ RunTime:0.010000s ]
INFO: [ view_filter ] --START--
INFO: Run Behavior\WriteHtmlCacheBehavior [ RunTime:0.000500s ]
INFO: [ view_filter ] --END-- [ RunTime:0.000500s ]
INFO: [ app_end ] --START--
INFO: Run Behavior\ShowPageTraceBehavior [ RunTime:0.000500s ]
INFO: [ app_end ] --END-- [ RunTime:0.000500s ]

