[ 2018-08-08T09:08:03+08:00 ] 127.0.0.1 /admin.php?c=content
INFO: [ app_init ] --START--
INFO: Run Behavior\BuildLiteBehavior [ RunTime:0.000000s ]
INFO: [ app_init ] --END-- [ RunTime:0.001500s ]
INFO: [ app_begin ] --START--
INFO: Run Behavior\ReadHtmlCacheBehavior [ RunTime:0.000500s ]
INFO: [ app_begin ] --END-- [ RunTime:0.000500s ]
NOTIC: [8] Undefined variable: sing_path E:\php\WWW\cms3.2\ThinkPHP\Common\functions.php 第 991 行.
NOTIC: [8] Undefined variable: module E:\php\WWW\cms3.2\ThinkPHP\Common\functions.php 第 994 行.
NOTIC: [8] Undefined variable: var E:\php\WWW\cms3.2\ThinkPHP\Common\functions.php 第 997 行.
NOTIC: [2] array_reverse() expects parameter 1 to be array, null given E:\php\WWW\cms3.2\ThinkPHP\Common\functions.php 第 997 行.
NOTIC: [2] http_build_query(): Parameter 1 expected to be Array or Object.  Incorrect value given E:\php\WWW\cms3.2\ThinkPHP\Common\functions.php 第 997 行.

[ 2018-08-08T09:08:03+08:00 ] 127.0.0.1 /admin.php?&c=login
INFO: [ app_init ] --START--
INFO: Run Behavior\BuildLiteBehavior [ RunTime:0.000000s ]
INFO: [ app_init ] --END-- [ RunTime:0.000000s ]
INFO: [ app_begin ] --START--
INFO: Run Behavior\ReadHtmlCacheBehavior [ RunTime:0.000500s ]
INFO: [ app_begin ] --END-- [ RunTime:0.000500s ]
INFO: [ view_parse ] --START--
INFO: [ template_filter ] --START--
INFO: Run Behavior\ContentReplaceBehavior [ RunTime:0.000500s ]
INFO: [ template_filter ] --END-- [ RunTime:0.000500s ]
INFO: Run Behavior\ParseTemplateBehavior [ RunTime:0.057500s ]
INFO: [ view_parse ] --END-- [ RunTime:0.057500s ]
INFO: [ view_filter ] --START--
INFO: Run Behavior\WriteHtmlCacheBehavior [ RunTime:0.009000s ]
INFO: [ view_filter ] --END-- [ RunTime:0.009000s ]
INFO: [ app_end ] --START--
INFO: Run Behavior\ShowPageTraceBehavior [ RunTime:0.001000s ]
INFO: [ app_end ] --END-- [ RunTime:0.001000s ]

[ 2018-08-08T09:09:04+08:00 ] 127.0.0.1 /admin.php?c=Menu
INFO: [ app_init ] --START--
INFO: Run Behavior\BuildLiteBehavior [ RunTime:0.000000s ]
INFO: [ app_init ] --END-- [ RunTime:0.000500s ]
INFO: [ app_begin ] --START--
INFO: Run Behavior\ReadHtmlCacheBehavior [ RunTime:0.000500s ]
INFO: [ app_begin ] --END-- [ RunTime:0.000500s ]
NOTIC: [8] Undefined variable: sing_path E:\php\WWW\cms3.2\ThinkPHP\Common\functions.php 第 991 行.
NOTIC: [8] Undefined variable: module E:\php\WWW\cms3.2\ThinkPHP\Common\functions.php 第 994 行.
NOTIC: [8] Undefined variable: var E:\php\WWW\cms3.2\ThinkPHP\Common\functions.php 第 997 行.
NOTIC: [2] array_reverse() expects parameter 1 to be array, null given E:\php\WWW\cms3.2\ThinkPHP\Common\functions.php 第 997 行.
NOTIC: [2] http_build_query(): Parameter 1 expected to be Array or Object.  Incorrect value given E:\php\WWW\cms3.2\ThinkPHP\Common\functions.php 第 997 行.

[ 2018-08-08T09:09:04+08:00 ] 127.0.0.1 /admin.php?&c=login
INFO: [ app_init ] --START--
INFO: Run Behavior\BuildLiteBehavior [ RunTime:0.000000s ]
INFO: [ app_init ] --END-- [ RunTime:0.000000s ]
INFO: [ app_begin ] --START--
INFO: Run Behavior\ReadHtmlCacheBehavior [ RunTime:0.000500s ]
INFO: [ app_begin ] --END-- [ RunTime:0.000500s ]
INFO: [ view_parse ] --START--
INFO: [ template_filter ] --START--
INFO: Run Behavior\ContentReplaceBehavior [ RunTime:0.000000s ]
INFO: [ template_filter ] --END-- [ RunTime:0.000000s ]
INFO: Run Behavior\ParseTemplateBehavior [ RunTime:0.004000s ]
INFO: [ view_parse ] --END-- [ RunTime:0.004500s ]
INFO: [ view_filter ] --START--
INFO: Run Behavior\WriteHtmlCacheBehavior [ RunTime:0.000000s ]
INFO: [ view_filter ] --END-- [ RunTime:0.000000s ]
INFO: [ app_end ] --START--
INFO: Run Behavior\ShowPageTraceBehavior [ RunTime:0.001000s ]
INFO: [ app_end ] --END-- [ RunTime:0.001000s ]

[ 2018-08-08T10:09:28+08:00 ] 127.0.0.1 /admin.php?c=content
INFO: [ app_init ] --START--
INFO: Run Behavior\BuildLiteBehavior [ RunTime:0.000000s ]
INFO: [ app_init ] --END-- [ RunTime:0.001500s ]
INFO: [ app_begin ] --START--
INFO: Run Behavior\ReadHtmlCacheBehavior [ RunTime:0.001000s ]
INFO: [ app_begin ] --END-- [ RunTime:0.001000s ]
NOTIC: [8] Undefined variable: sing_path E:\php\WWW\cms3.2\ThinkPHP\Common\functions.php 第 991 行.
NOTIC: [8] Undefined variable: module E:\php\WWW\cms3.2\ThinkPHP\Common\functions.php 第 994 行.
NOTIC: [8] Undefined variable: var E:\php\WWW\cms3.2\ThinkPHP\Common\functions.php 第 997 行.
NOTIC: [2] array_reverse() expects parameter 1 to be array, null given E:\php\WWW\cms3.2\ThinkPHP\Common\functions.php 第 997 行.
NOTIC: [2] http_build_query(): Parameter 1 expected to be Array or Object.  Incorrect value given E:\php\WWW\cms3.2\ThinkPHP\Common\functions.php 第 997 行.

[ 2018-08-08T10:09:28+08:00 ] 127.0.0.1 /admin.php?&c=login
INFO: [ app_init ] --START--
INFO: Run Behavior\BuildLiteBehavior [ RunTime:0.000000s ]
INFO: [ app_init ] --END-- [ RunTime:0.000000s ]
INFO: [ app_begin ] --START--
INFO: Run Behavior\ReadHtmlCacheBehavior [ RunTime:0.000000s ]
INFO: [ app_begin ] --END-- [ RunTime:0.000500s ]
INFO: [ view_parse ] --START--
INFO: [ template_filter ] --START--
INFO: Run Behavior\ContentReplaceBehavior [ RunTime:0.000500s ]
INFO: [ template_filter ] --END-- [ RunTime:0.000500s ]
INFO: Run Behavior\ParseTemplateBehavior [ RunTime:0.022500s ]
INFO: [ view_parse ] --END-- [ RunTime:0.022500s ]
INFO: [ view_filter ] --START--
INFO: Run Behavior\WriteHtmlCacheBehavior [ RunTime:0.011000s ]
INFO: [ view_filter ] --END-- [ RunTime:0.011000s ]
INFO: [ app_end ] --START--
INFO: Run Behavior\ShowPageTraceBehavior [ RunTime:0.001000s ]
INFO: [ app_end ] --END-- [ RunTime:0.001000s ]

[ 2018-08-08T10:31:16+08:00 ] 127.0.0.1 /admin.php?c=Menu
INFO: [ app_init ] --START--
INFO: Run Behavior\BuildLiteBehavior [ RunTime:0.000000s ]
INFO: [ app_init ] --END-- [ RunTime:0.000500s ]
INFO: [ app_begin ] --START--
INFO: Run Behavior\ReadHtmlCacheBehavior [ RunTime:0.000500s ]
INFO: [ app_begin ] --END-- [ RunTime:0.000500s ]
NOTIC: [8] Undefined variable: sing_path E:\php\WWW\cms3.2\ThinkPHP\Common\functions.php 第 991 行.
NOTIC: [8] Undefined variable: module E:\php\WWW\cms3.2\ThinkPHP\Common\functions.php 第 994 行.
NOTIC: [8] Undefined variable: var E:\php\WWW\cms3.2\ThinkPHP\Common\functions.php 第 997 行.
NOTIC: [2] array_reverse() expects parameter 1 to be array, null given E:\php\WWW\cms3.2\ThinkPHP\Common\functions.php 第 997 行.
NOTIC: [2] http_build_query(): Parameter 1 expected to be Array or Object.  Incorrect value given E:\php\WWW\cms3.2\ThinkPHP\Common\functions.php 第 997 行.

[ 2018-08-08T10:31:16+08:00 ] 127.0.0.1 /admin.php?&c=login
INFO: [ app_init ] --START--
INFO: Run Behavior\BuildLiteBehavior [ RunTime:0.000000s ]
INFO: [ app_init ] --END-- [ RunTime:0.000000s ]
INFO: [ app_begin ] --START--
INFO: Run Behavior\ReadHtmlCacheBehavior [ RunTime:0.000500s ]
INFO: [ app_begin ] --END-- [ RunTime:0.000500s ]
INFO: [ view_parse ] --START--
INFO: [ template_filter ] --START--
INFO: Run Behavior\ContentReplaceBehavior [ RunTime:0.000000s ]
INFO: [ template_filter ] --END-- [ RunTime:0.000000s ]
INFO: Run Behavior\ParseTemplateBehavior [ RunTime:0.010500s ]
INFO: [ view_parse ] --END-- [ RunTime:0.010500s ]
INFO: [ view_filter ] --START--
INFO: Run Behavior\WriteHtmlCacheBehavior [ RunTime:0.000500s ]
INFO: [ view_filter ] --END-- [ RunTime:0.000500s ]
INFO: [ app_end ] --START--
INFO: Run Behavior\ShowPageTraceBehavior [ RunTime:0.000500s ]
INFO: [ app_end ] --END-- [ RunTime:0.000500s ]

[ 2018-08-08T15:30:53+08:00 ] 127.0.0.1 /admin.php?c=Menu
INFO: [ app_init ] --START--
INFO: Run Behavior\BuildLiteBehavior [ RunTime:0.000000s ]
INFO: [ app_init ] --END-- [ RunTime:0.000500s ]
INFO: [ app_begin ] --START--
INFO: Run Behavior\ReadHtmlCacheBehavior [ RunTime:0.001000s ]
INFO: [ app_begin ] --END-- [ RunTime:0.001000s ]
NOTIC: [8] Undefined variable: sing_path E:\php\WWW\cms3.2\ThinkPHP\Common\functions.php 第 991 行.
NOTIC: [8] Undefined variable: module E:\php\WWW\cms3.2\ThinkPHP\Common\functions.php 第 994 行.
NOTIC: [8] Undefined variable: var E:\php\WWW\cms3.2\ThinkPHP\Common\functions.php 第 997 行.
NOTIC: [2] array_reverse() expects parameter 1 to be array, null given E:\php\WWW\cms3.2\ThinkPHP\Common\functions.php 第 997 行.
NOTIC: [2] http_build_query(): Parameter 1 expected to be Array or Object.  Incorrect value given E:\php\WWW\cms3.2\ThinkPHP\Common\functions.php 第 997 行.

[ 2018-08-08T15:30:53+08:00 ] 127.0.0.1 /admin.php?&c=login
INFO: [ app_init ] --START--
INFO: Run Behavior\BuildLiteBehavior [ RunTime:0.000000s ]
INFO: [ app_init ] --END-- [ RunTime:0.000500s ]
INFO: [ app_begin ] --START--
INFO: Run Behavior\ReadHtmlCacheBehavior [ RunTime:0.000500s ]
INFO: [ app_begin ] --END-- [ RunTime:0.000500s ]
INFO: [ view_parse ] --START--
INFO: [ template_filter ] --START--
INFO: Run Behavior\ContentReplaceBehavior [ RunTime:0.000000s ]
INFO: [ template_filter ] --END-- [ RunTime:0.000000s ]
INFO: Run Behavior\ParseTemplateBehavior [ RunTime:0.006000s ]
INFO: [ view_parse ] --END-- [ RunTime:0.006000s ]
INFO: [ view_filter ] --START--
INFO: Run Behavior\WriteHtmlCacheBehavior [ RunTime:0.000500s ]
INFO: [ view_filter ] --END-- [ RunTime:0.000500s ]
INFO: [ app_end ] --START--
INFO: Run Behavior\ShowPageTraceBehavior [ RunTime:0.000500s ]
INFO: [ app_end ] --END-- [ RunTime:0.000500s ]

[ 2018-08-08T15:30:54+08:00 ] 127.0.0.1 /admin.php?c=Menu
INFO: [ app_init ] --START--
INFO: Run Behavior\BuildLiteBehavior [ RunTime:0.000000s ]
INFO: [ app_init ] --END-- [ RunTime:0.000500s ]
INFO: [ app_begin ] --START--
INFO: Run Behavior\ReadHtmlCacheBehavior [ RunTime:0.000500s ]
INFO: [ app_begin ] --END-- [ RunTime:0.001000s ]
NOTIC: [8] Undefined variable: sing_path E:\php\WWW\cms3.2\ThinkPHP\Common\functions.php 第 991 行.
NOTIC: [8] Undefined variable: module E:\php\WWW\cms3.2\ThinkPHP\Common\functions.php 第 994 行.
NOTIC: [8] Undefined variable: var E:\php\WWW\cms3.2\ThinkPHP\Common\functions.php 第 997 行.
NOTIC: [2] array_reverse() expects parameter 1 to be array, null given E:\php\WWW\cms3.2\ThinkPHP\Common\functions.php 第 997 行.
NOTIC: [2] http_build_query(): Parameter 1 expected to be Array or Object.  Incorrect value given E:\php\WWW\cms3.2\ThinkPHP\Common\functions.php 第 997 行.

[ 2018-08-08T15:30:59+08:00 ] 127.0.0.1 /admin.php?c=Login&a=check
INFO: [ app_init ] --START--
INFO: Run Behavior\BuildLiteBehavior [ RunTime:0.000000s ]
INFO: [ app_init ] --END-- [ RunTime:0.001000s ]
INFO: [ app_begin ] --START--
INFO: Run Behavior\ReadHtmlCacheBehavior [ RunTime:0.000500s ]
INFO: [ app_begin ] --END-- [ RunTime:0.001000s ]
SQL: SHOW COLUMNS FROM `cms_admin` [ RunTime:0.0390s ]
SQL: SELECT * FROM `cms_admin` WHERE ( username="admin" ) LIMIT 1   [ RunTime:0.0005s ]

[ 2018-08-08T15:31:00+08:00 ] 127.0.0.1 /admin.php?c=index
INFO: [ app_init ] --START--
INFO: Run Behavior\BuildLiteBehavior [ RunTime:0.000000s ]
INFO: [ app_init ] --END-- [ RunTime:0.000500s ]
INFO: [ app_begin ] --START--
INFO: Run Behavior\ReadHtmlCacheBehavior [ RunTime:0.000500s ]
INFO: [ app_begin ] --END-- [ RunTime:0.000500s ]
INFO: [ view_parse ] --START--
INFO: [ template_filter ] --START--
INFO: Run Behavior\ContentReplaceBehavior [ RunTime:0.000000s ]
INFO: [ template_filter ] --END-- [ RunTime:0.000000s ]
NOTIC: [2048] Declaration of Common\Model\MenuModel::find() should be compatible with Think\Model::find($options = Array) E:\php\WWW\cms3.2\Application\Common\Model\MenuModel.class.php 第 10 行.
SQL: SHOW COLUMNS FROM `cms_menu` [ RunTime:0.0165s ]
SQL: SELECT * FROM `cms_menu` WHERE `status` <> -1 AND `type` = 1 ORDER BY listorder desc,menu_id desc  [ RunTime:0.0005s ]
NOTIC: [8] Undefined index: a E:\php\WWW\cms3.2\Application\Common\Common\function.php 第 45 行.
NOTIC: [8] Undefined index: a E:\php\WWW\cms3.2\Application\Common\Common\function.php 第 45 行.
NOTIC: [8] Undefined index: a E:\php\WWW\cms3.2\Application\Common\Common\function.php 第 45 行.
NOTIC: [8] Undefined index: a E:\php\WWW\cms3.2\Application\Common\Common\function.php 第 45 行.
INFO: Run Behavior\ParseTemplateBehavior [ RunTime:0.047500s ]
INFO: [ view_parse ] --END-- [ RunTime:0.047500s ]
INFO: [ view_filter ] --START--
INFO: Run Behavior\WriteHtmlCacheBehavior [ RunTime:0.000500s ]
INFO: [ view_filter ] --END-- [ RunTime:0.000500s ]
INFO: [ app_end ] --START--
INFO: Run Behavior\ShowPageTraceBehavior [ RunTime:0.001000s ]
INFO: [ app_end ] --END-- [ RunTime:0.001000s ]

[ 2018-08-08T15:31:02+08:00 ] 127.0.0.1 /admin.php?c=content
INFO: [ app_init ] --START--
INFO: Run Behavior\BuildLiteBehavior [ RunTime:0.000000s ]
INFO: [ app_init ] --END-- [ RunTime:0.001000s ]
INFO: [ app_begin ] --START--
INFO: Run Behavior\ReadHtmlCacheBehavior [ RunTime:0.000500s ]
INFO: [ app_begin ] --END-- [ RunTime:0.001000s ]
NOTIC: [8] Undefined index: title E:\php\WWW\cms3.2\Application\Admin\Controller\ContentController.class.php 第 13 行.
NOTIC: [8] Undefined index: catid E:\php\WWW\cms3.2\Application\Admin\Controller\ContentController.class.php 第 16 行.
NOTIC: [8] Undefined index: p E:\php\WWW\cms3.2\Application\Admin\Controller\ContentController.class.php 第 20 行.
NOTIC: [8] Undefined index: pageSize E:\php\WWW\cms3.2\Application\Admin\Controller\ContentController.class.php 第 21 行.
NOTIC: [2048] Declaration of Common\Model\NewsModel::find() should be compatible with Think\Model::find($options = Array) E:\php\WWW\cms3.2\Application\Common\Model\NewsModel.class.php 第 8 行.
SQL: SHOW COLUMNS FROM `cms_news` [ RunTime:0.0070s ]
SQL: SELECT * FROM `cms_news` WHERE `status` <> -1 ORDER BY news_id desc LIMIT 0,5   [ RunTime:0.0010s ]
SQL: SELECT COUNT(*) AS tp_count FROM `cms_news` WHERE `status` <> -1 LIMIT 1   [ RunTime:0.0005s ]
NOTIC: [2048] Declaration of Common\Model\PositionModel::find() should be compatible with Think\Model::find($options = Array) E:\php\WWW\cms3.2\Application\Common\Model\PositionModel.class.php 第 98 行.
SQL: SHOW COLUMNS FROM `cms_position` [ RunTime:0.0215s ]
SQL: SELECT * FROM `cms_position` WHERE `status` = 1 ORDER BY id desc  [ RunTime:0.0120s ]
NOTIC: [8] Undefined variable: sing_path E:\php\WWW\cms3.2\ThinkPHP\Common\functions.php 第 991 行.
NOTIC: [8] Undefined index: catid E:\php\WWW\cms3.2\Application\Admin\Controller\ContentController.class.php 第 38 行.
NOTIC: [8] Undefined index: title E:\php\WWW\cms3.2\Application\Admin\Controller\ContentController.class.php 第 39 行.
NOTIC: [2048] Declaration of Common\Model\MenuModel::find() should be compatible with Think\Model::find($options = Array) E:\php\WWW\cms3.2\Application\Common\Model\MenuModel.class.php 第 109 行.
SQL: SHOW COLUMNS FROM `cms_menu` [ RunTime:0.0060s ]
SQL: SELECT * FROM `cms_menu` WHERE `status` <> -1 AND `type` = 0 ORDER BY listorder desc,menu_id desc  [ RunTime:0.0005s ]
INFO: [ view_parse ] --START--
INFO: [ template_filter ] --START--
INFO: Run Behavior\ContentReplaceBehavior [ RunTime:0.000000s ]
INFO: [ template_filter ] --END-- [ RunTime:0.000000s ]
SQL: SELECT * FROM `cms_menu` WHERE `status` <> -1 AND `type` = 1 ORDER BY listorder desc,menu_id desc  [ RunTime:0.0005s ]
NOTIC: [8] Undefined index: a E:\php\WWW\cms3.2\Application\Common\Common\function.php 第 45 行.
NOTIC: [8] Undefined index: a E:\php\WWW\cms3.2\Application\Common\Common\function.php 第 45 行.
NOTIC: [8] Undefined index: a E:\php\WWW\cms3.2\Application\Common\Common\function.php 第 45 行.
NOTIC: [8] Undefined index: a E:\php\WWW\cms3.2\Application\Common\Common\function.php 第 45 行.
INFO: Run Behavior\ParseTemplateBehavior [ RunTime:0.020000s ]
INFO: [ view_parse ] --END-- [ RunTime:0.020000s ]
INFO: [ view_filter ] --START--
INFO: Run Behavior\WriteHtmlCacheBehavior [ RunTime:0.001000s ]
INFO: [ view_filter ] --END-- [ RunTime:0.001000s ]
INFO: [ app_end ] --START--
INFO: Run Behavior\ShowPageTraceBehavior [ RunTime:0.001000s ]
INFO: [ app_end ] --END-- [ RunTime:0.001000s ]

[ 2018-08-08T15:31:07+08:00 ] 127.0.0.1 /admin.php?c=content&a=edit&id=10
INFO: [ app_init ] --START--
INFO: Run Behavior\BuildLiteBehavior [ RunTime:0.000000s ]
INFO: [ app_init ] --END-- [ RunTime:0.001000s ]
INFO: [ app_begin ] --START--
INFO: Run Behavior\ReadHtmlCacheBehavior [ RunTime:0.001000s ]
INFO: [ app_begin ] --END-- [ RunTime:0.001000s ]
NOTIC: [2048] Declaration of Common\Model\NewsModel::find() should be compatible with Think\Model::find($options = Array) E:\php\WWW\cms3.2\Application\Common\Model\NewsModel.class.php 第 8 行.
SQL: SHOW COLUMNS FROM `cms_news` [ RunTime:0.0050s ]
SQL: SELECT * FROM `cms_news` WHERE ( news_id=10 ) LIMIT 1   [ RunTime:0.0005s ]
NOTIC: [2048] Declaration of Common\Model\NewsContentModel::find() should be compatible with Think\Model::find($options = Array) E:\php\WWW\cms3.2\Application\Common\Model\NewsContentModel.class.php 第 67 行.
SQL: SHOW COLUMNS FROM `cms_news_content` [ RunTime:0.0045s ]
SQL: SELECT * FROM `cms_news_content` WHERE ( news_id=10 ) LIMIT 1   [ RunTime:0.0005s ]
NOTIC: [2048] Declaration of Common\Model\MenuModel::find() should be compatible with Think\Model::find($options = Array) E:\php\WWW\cms3.2\Application\Common\Model\MenuModel.class.php 第 109 行.
SQL: SHOW COLUMNS FROM `cms_menu` [ RunTime:0.0035s ]
SQL: SELECT * FROM `cms_menu` WHERE `status` <> -1 AND `type` = 0 ORDER BY listorder desc,menu_id desc  [ RunTime:0.0005s ]
INFO: [ view_parse ] --START--
INFO: [ template_filter ] --START--
INFO: Run Behavior\ContentReplaceBehavior [ RunTime:0.000000s ]
INFO: [ template_filter ] --END-- [ RunTime:0.000000s ]
SQL: SELECT * FROM `cms_menu` WHERE `status` <> -1 AND `type` = 1 ORDER BY listorder desc,menu_id desc  [ RunTime:0.0005s ]
NOTIC: [8] Undefined index: a E:\php\WWW\cms3.2\Application\Common\Common\function.php 第 45 行.
NOTIC: [8] Undefined index: a E:\php\WWW\cms3.2\Application\Common\Common\function.php 第 45 行.
NOTIC: [8] Undefined index: a E:\php\WWW\cms3.2\Application\Common\Common\function.php 第 45 行.
NOTIC: [8] Undefined index: a E:\php\WWW\cms3.2\Application\Common\Common\function.php 第 45 行.
NOTIC: [8] Undefined variable: titleFontColor E:\php\WWW\cms3.2\Application\Runtime\Cache\Admin\c9346596b4ea11ecbab575e85e082471.php 第 170 行.
NOTIC: [8] Undefined variable: copyfrom E:\php\WWW\cms3.2\Application\Runtime\Cache\Admin\c9346596b4ea11ecbab575e85e082471.php 第 188 行.
INFO: Run Behavior\ParseTemplateBehavior [ RunTime:0.009500s ]
INFO: [ view_parse ] --END-- [ RunTime:0.009500s ]
INFO: [ view_filter ] --START--
INFO: Run Behavior\WriteHtmlCacheBehavior [ RunTime:0.000500s ]
INFO: [ view_filter ] --END-- [ RunTime:0.000500s ]
INFO: [ app_end ] --START--
INFO: Run Behavior\ShowPageTraceBehavior [ RunTime:0.000500s ]
INFO: [ app_end ] --END-- [ RunTime:0.000500s ]

[ 2018-08-08T16:01:15+08:00 ] 127.0.0.1 /admin.php?c=image&a=kindupload&dir=image
INFO: [ app_init ] --START--
INFO: Run Behavior\BuildLiteBehavior [ RunTime:0.000000s ]
INFO: [ app_init ] --END-- [ RunTime:0.000500s ]
INFO: [ app_begin ] --START--
INFO: Run Behavior\ReadHtmlCacheBehavior [ RunTime:0.000500s ]
INFO: [ app_begin ] --END-- [ RunTime:0.000500s ]
NOTIC: [8] Use of undefined constant Y - assumed 'Y' E:\php\WWW\cms3.2\Application\Common\Model\UploadImageModel.class.php 第 25 行.
NOTIC: [8] Use of undefined constant m - assumed 'm' E:\php\WWW\cms3.2\Application\Common\Model\UploadImageModel.class.php 第 25 行.
NOTIC: [8] Use of undefined constant d - assumed 'd' E:\php\WWW\cms3.2\Application\Common\Model\UploadImageModel.class.php 第 25 行.
NOTIC: [2] call_user_func() expects parameter 1 to be a valid callback, no array or string given E:\php\WWW\cms3.2\ThinkPHP\Library\Think\Upload.class.php 第 170 行.

[ 2018-08-08T16:01:18+08:00 ] 127.0.0.1 /admin.php?c=content&a=add
INFO: [ app_init ] --START--
INFO: Run Behavior\BuildLiteBehavior [ RunTime:0.000000s ]
INFO: [ app_init ] --END-- [ RunTime:0.001000s ]
INFO: [ app_begin ] --START--
INFO: Run Behavior\ReadHtmlCacheBehavior [ RunTime:0.001500s ]
INFO: [ app_begin ] --END-- [ RunTime:0.001500s ]
NOTIC: [2048] Declaration of Common\Model\NewsModel::find() should be compatible with Think\Model::find($options = Array) E:\php\WWW\cms3.2\Application\Common\Model\NewsModel.class.php 第 8 行.
SQL: SHOW COLUMNS FROM `cms_news` [ RunTime:0.0030s ]
SQL: UPDATE `cms_news` SET `title`='康琦1111',`thumb`='/Upload/2018/07/19/5b500021316a0.png',`catid`='5',`description`='康琦康琦1111',`keywords`='康琦康琦康琦康琦' WHERE ( news_id=10 ) [ RunTime:0.0000s ]
NOTIC: [2048] Declaration of Common\Model\NewsContentModel::find() should be compatible with Think\Model::find($options = Array) E:\php\WWW\cms3.2\Application\Common\Model\NewsContentModel.class.php 第 67 行.
SQL: SHOW COLUMNS FROM `cms_news_content` [ RunTime:0.0035s ]
SQL: UPDATE `cms_news_content` SET `content`='&lt;img src=&quot;/Upload/2018/08/08/5b6aa34bb3e84.png&quot; alt=&quot;&quot; /&gt;康琦康琦康琦康琦康琦康琦康琦康琦康琦康琦康琦康琦康琦康琦康琦康琦康琦康琦康琦11111' WHERE ( news_id=10 ) [ RunTime:0.0000s ]

[ 2018-08-08T16:01:19+08:00 ] 127.0.0.1 /admin.php?c=content
INFO: [ app_init ] --START--
INFO: Run Behavior\BuildLiteBehavior [ RunTime:0.000000s ]
INFO: [ app_init ] --END-- [ RunTime:0.000500s ]
INFO: [ app_begin ] --START--
INFO: Run Behavior\ReadHtmlCacheBehavior [ RunTime:0.000500s ]
INFO: [ app_begin ] --END-- [ RunTime:0.001000s ]
NOTIC: [8] Undefined index: title E:\php\WWW\cms3.2\Application\Admin\Controller\ContentController.class.php 第 13 行.
NOTIC: [8] Undefined index: catid E:\php\WWW\cms3.2\Application\Admin\Controller\ContentController.class.php 第 16 行.
NOTIC: [8] Undefined index: p E:\php\WWW\cms3.2\Application\Admin\Controller\ContentController.class.php 第 20 行.
NOTIC: [8] Undefined index: pageSize E:\php\WWW\cms3.2\Application\Admin\Controller\ContentController.class.php 第 21 行.
NOTIC: [2048] Declaration of Common\Model\NewsModel::find() should be compatible with Think\Model::find($options = Array) E:\php\WWW\cms3.2\Application\Common\Model\NewsModel.class.php 第 8 行.
SQL: SHOW COLUMNS FROM `cms_news` [ RunTime:0.0040s ]
SQL: SELECT * FROM `cms_news` WHERE `status` <> -1 ORDER BY news_id desc LIMIT 0,5   [ RunTime:0.0005s ]
SQL: SELECT COUNT(*) AS tp_count FROM `cms_news` WHERE `status` <> -1 LIMIT 1   [ RunTime:0.0005s ]
NOTIC: [2048] Declaration of Common\Model\PositionModel::find() should be compatible with Think\Model::find($options = Array) E:\php\WWW\cms3.2\Application\Common\Model\PositionModel.class.php 第 98 行.
SQL: SHOW COLUMNS FROM `cms_position` [ RunTime:0.0040s ]
SQL: SELECT * FROM `cms_position` WHERE `status` = 1 ORDER BY id desc  [ RunTime:0.0005s ]
NOTIC: [8] Undefined variable: sing_path E:\php\WWW\cms3.2\ThinkPHP\Common\functions.php 第 991 行.
NOTIC: [8] Undefined index: catid E:\php\WWW\cms3.2\Application\Admin\Controller\ContentController.class.php 第 38 行.
NOTIC: [8] Undefined index: title E:\php\WWW\cms3.2\Application\Admin\Controller\ContentController.class.php 第 39 行.
NOTIC: [2048] Declaration of Common\Model\MenuModel::find() should be compatible with Think\Model::find($options = Array) E:\php\WWW\cms3.2\Application\Common\Model\MenuModel.class.php 第 109 行.
SQL: SHOW COLUMNS FROM `cms_menu` [ RunTime:0.0040s ]
SQL: SELECT * FROM `cms_menu` WHERE `status` <> -1 AND `type` = 0 ORDER BY listorder desc,menu_id desc  [ RunTime:0.0000s ]
INFO: [ view_parse ] --START--
INFO: [ template_filter ] --START--
INFO: Run Behavior\ContentReplaceBehavior [ RunTime:0.000000s ]
INFO: [ template_filter ] --END-- [ RunTime:0.000500s ]
SQL: SELECT * FROM `cms_menu` WHERE `status` <> -1 AND `type` = 1 ORDER BY listorder desc,menu_id desc  [ RunTime:0.0005s ]
NOTIC: [8] Undefined index: a E:\php\WWW\cms3.2\Application\Common\Common\function.php 第 45 行.
NOTIC: [8] Undefined index: a E:\php\WWW\cms3.2\Application\Common\Common\function.php 第 45 行.
NOTIC: [8] Undefined index: a E:\php\WWW\cms3.2\Application\Common\Common\function.php 第 45 行.
NOTIC: [8] Undefined index: a E:\php\WWW\cms3.2\Application\Common\Common\function.php 第 45 行.
INFO: Run Behavior\ParseTemplateBehavior [ RunTime:0.011500s ]
INFO: [ view_parse ] --END-- [ RunTime:0.011500s ]
INFO: [ view_filter ] --START--
INFO: Run Behavior\WriteHtmlCacheBehavior [ RunTime:0.000500s ]
INFO: [ view_filter ] --END-- [ RunTime:0.000500s ]
INFO: [ app_end ] --START--
INFO: Run Behavior\ShowPageTraceBehavior [ RunTime:0.001000s ]
INFO: [ app_end ] --END-- [ RunTime:0.001000s ]

[ 2018-08-08T17:25:46+08:00 ] 127.0.0.1 /admin.php?c=basic
INFO: [ app_init ] --START--
INFO: Run Behavior\BuildLiteBehavior [ RunTime:0.000000s ]
INFO: [ app_init ] --END-- [ RunTime:0.000500s ]
INFO: [ app_begin ] --START--
INFO: Run Behavior\ReadHtmlCacheBehavior [ RunTime:0.000000s ]
INFO: [ app_begin ] --END-- [ RunTime:0.000500s ]
NOTIC: [2048] Declaration of Common\Model\BasicModel::save() should be compatible with Think\Model::save($data = '', $options = Array) E:\php\WWW\cms3.2\Application\Common\Model\BasicModel.class.php 第 9 行.
NOTIC: [2048] Declaration of Common\Model\BasicModel::select() should be compatible with Think\Model::select($options = Array) E:\php\WWW\cms3.2\Application\Common\Model\BasicModel.class.php 第 9 行.
INFO: [ view_parse ] --START--
NOTIC: [2] file_get_contents(./Application/Admin/View/Basic/button.html): failed to open stream: No such file or directory E:\php\WWW\cms3.2\ThinkPHP\Library\Think\Template.class.php 第 696 行.
INFO: [ template_filter ] --START--
INFO: Run Behavior\ContentReplaceBehavior [ RunTime:0.000000s ]
INFO: [ template_filter ] --END-- [ RunTime:0.000000s ]
NOTIC: [2048] Declaration of Common\Model\MenuModel::find() should be compatible with Think\Model::find($options = Array) E:\php\WWW\cms3.2\Application\Common\Model\MenuModel.class.php 第 109 行.
SQL: SHOW COLUMNS FROM `cms_menu` [ RunTime:0.0040s ]
SQL: SELECT * FROM `cms_menu` WHERE `status` <> -1 AND `type` = 1 ORDER BY listorder desc,menu_id desc  [ RunTime:0.0005s ]
NOTIC: [8] Undefined index: a E:\php\WWW\cms3.2\Application\Common\Common\function.php 第 45 行.
NOTIC: [8] Undefined index: a E:\php\WWW\cms3.2\Application\Common\Common\function.php 第 45 行.
NOTIC: [8] Undefined index: a E:\php\WWW\cms3.2\Application\Common\Common\function.php 第 45 行.
NOTIC: [8] Undefined index: a E:\php\WWW\cms3.2\Application\Common\Common\function.php 第 45 行.
INFO: Run Behavior\ParseTemplateBehavior [ RunTime:0.041000s ]
INFO: [ view_parse ] --END-- [ RunTime:0.041000s ]
INFO: [ view_filter ] --START--
INFO: Run Behavior\WriteHtmlCacheBehavior [ RunTime:0.000500s ]
INFO: [ view_filter ] --END-- [ RunTime:0.000500s ]
INFO: [ app_end ] --START--
INFO: Run Behavior\ShowPageTraceBehavior [ RunTime:0.001000s ]
INFO: [ app_end ] --END-- [ RunTime:0.001000s ]

